e:\game dev\postal 1\gui_test-postal-934afd57b26a\build\postal plus\release\postal plus.pch
e:\game dev\postal 1\gui_test-postal-934afd57b26a\build\postal plus\release\vc120.pdb
e:\game dev\postal 1\gui_test-postal-934afd57b26a\build\postal plus\release\aivars.obj
e:\game dev\postal 1\gui_test-postal-934afd57b26a\build\postal plus\release\title.obj
e:\game dev\postal 1\gui_test-postal-934afd57b26a\build\postal plus\release\samplemaster.obj
e:\game dev\postal 1\gui_test-postal-934afd57b26a\build\postal plus\release\play.obj
e:\game dev\postal 1\gui_test-postal-934afd57b26a\build\postal plus\release\menus.obj
e:\game dev\postal 1\gui_test-postal-934afd57b26a\build\postal plus\release\localize.obj
e:\game dev\postal 1\gui_test-postal-934afd57b26a\build\postal plus\release\input.obj
e:\game dev\postal 1\gui_test-postal-934afd57b26a\build\postal plus\release\band.obj
e:\game dev\postal 1\gui_test-postal-934afd57b26a\build\postal plus\release\main.obj
e:\game dev\postal 1\gui_test-postal-934afd57b26a\build\postal plus\release\game.obj
e:\game dev\postal 1\gui_test-postal-934afd57b26a\build\postal plus\release\credits.obj
e:\game dev\postal 1\ezia-cleaner_build-934afd57b26a\build\postal plus\release\postal plus.pch
e:\game dev\postal 1\ezia-cleaner_build-934afd57b26a\build\postal plus\release\vc120.pdb
e:\game dev\postal 1\ezia-cleaner_build-934afd57b26a\build\postal plus\release\aivars.obj
e:\game dev\postal 1\ezia-cleaner_build-934afd57b26a\build\postal plus\release\title.obj
e:\game dev\postal 1\ezia-cleaner_build-934afd57b26a\build\postal plus\release\samplemaster.obj
e:\game dev\postal 1\ezia-cleaner_build-934afd57b26a\build\postal plus\release\play.obj
e:\game dev\postal 1\ezia-cleaner_build-934afd57b26a\build\postal plus\release\menus.obj
e:\game dev\postal 1\ezia-cleaner_build-934afd57b26a\build\postal plus\release\localize.obj
e:\game dev\postal 1\ezia-cleaner_build-934afd57b26a\build\postal plus\release\input.obj
e:\game dev\postal 1\ezia-cleaner_build-934afd57b26a\build\postal plus\release\band.obj
e:\game dev\postal 1\ezia-cleaner_build-934afd57b26a\build\postal plus\release\main.obj
e:\game dev\postal 1\ezia-cleaner_build-934afd57b26a\build\postal plus\release\game.obj
e:\game dev\postal 1\ezia-cleaner_build-934afd57b26a\build\postal plus\release\credits.obj
e:\game dev\postal 1\gui_test-postal-934afd57b26a\build\postal plus\release\postal.res
e:\game dev\postal 1\ezia-cleaner_build-934afd57b26a\build\postal plus\release\postal.res
e:\game dev\postal 1\ezia-cleaner_build-934afd57b26a\build\postal plus\release\postal plus.tlog\cl.command.1.tlog
e:\game dev\postal 1\ezia-cleaner_build-934afd57b26a\build\postal plus\release\postal plus.tlog\cl.read.1.tlog
e:\game dev\postal 1\ezia-cleaner_build-934afd57b26a\build\postal plus\release\postal plus.tlog\cl.write.1.tlog
e:\game dev\postal 1\ezia-cleaner_build-934afd57b26a\build\postal plus\release\postal plus.tlog\link-cvtres.read.1.tlog
e:\game dev\postal 1\ezia-cleaner_build-934afd57b26a\build\postal plus\release\postal plus.tlog\link-cvtres.write.1.tlog
e:\game dev\postal 1\ezia-cleaner_build-934afd57b26a\build\postal plus\release\postal plus.tlog\link-rc.read.1.tlog
e:\game dev\postal 1\ezia-cleaner_build-934afd57b26a\build\postal plus\release\postal plus.tlog\link-rc.write.1.tlog
e:\game dev\postal 1\ezia-cleaner_build-934afd57b26a\build\postal plus\release\postal plus.tlog\link.command.1.tlog
e:\game dev\postal 1\ezia-cleaner_build-934afd57b26a\build\postal plus\release\postal plus.tlog\link.read.1.tlog
e:\game dev\postal 1\ezia-cleaner_build-934afd57b26a\build\postal plus\release\postal plus.tlog\link.write.1.tlog
e:\game dev\postal 1\ezia-cleaner_build-934afd57b26a\build\postal plus\release\postal plus.tlog\rc.command.1.tlog
e:\game dev\postal 1\ezia-cleaner_build-934afd57b26a\build\postal plus\release\postal plus.tlog\rc.read.1.tlog
e:\game dev\postal 1\ezia-cleaner_build-934afd57b26a\build\postal plus\release\postal plus.tlog\rc.write.1.tlog
