e:\game dev\postal 1\gui_test-postal-934afd57b26a\build\postal plus\debug\postald.bsc
e:\game dev\postal 1\gui_test-postal-934afd57b26a\build\postal plus\debug\postal plus.pch
e:\game dev\postal 1\gui_test-postal-934afd57b26a\build\postal plus\debug\vc120.pdb
e:\game dev\postal 1\gui_test-postal-934afd57b26a\build\postal plus\debug\vc120.idb
e:\game dev\postal 1\gui_test-postal-934afd57b26a\build\postal plus\debug\aivars.sbr
e:\game dev\postal 1\gui_test-postal-934afd57b26a\build\postal plus\debug\aivars.obj
e:\game dev\postal 1\gui_test-postal-934afd57b26a\build\postal plus\debug\band.sbr
e:\game dev\postal 1\gui_test-postal-934afd57b26a\build\postal plus\debug\credits.sbr
e:\game dev\postal 1\gui_test-postal-934afd57b26a\build\postal plus\debug\game.sbr
e:\game dev\postal 1\gui_test-postal-934afd57b26a\build\postal plus\debug\input.sbr
e:\game dev\postal 1\gui_test-postal-934afd57b26a\build\postal plus\debug\localize.sbr
e:\game dev\postal 1\gui_test-postal-934afd57b26a\build\postal plus\debug\main.sbr
e:\game dev\postal 1\gui_test-postal-934afd57b26a\build\postal plus\debug\menus.sbr
e:\game dev\postal 1\gui_test-postal-934afd57b26a\build\postal plus\debug\play.sbr
e:\game dev\postal 1\gui_test-postal-934afd57b26a\build\postal plus\debug\samplemaster.sbr
e:\game dev\postal 1\gui_test-postal-934afd57b26a\build\postal plus\debug\title.sbr
e:\game dev\postal 1\gui_test-postal-934afd57b26a\build\postal plus\debug\title.obj
e:\game dev\postal 1\gui_test-postal-934afd57b26a\build\postal plus\debug\samplemaster.obj
e:\game dev\postal 1\gui_test-postal-934afd57b26a\build\postal plus\debug\play.obj
e:\game dev\postal 1\gui_test-postal-934afd57b26a\build\postal plus\debug\menus.obj
e:\game dev\postal 1\gui_test-postal-934afd57b26a\build\postal plus\debug\main.obj
e:\game dev\postal 1\gui_test-postal-934afd57b26a\build\postal plus\debug\localize.obj
e:\game dev\postal 1\gui_test-postal-934afd57b26a\build\postal plus\debug\input.obj
e:\game dev\postal 1\gui_test-postal-934afd57b26a\build\postal plus\debug\game.obj
e:\game dev\postal 1\gui_test-postal-934afd57b26a\build\postal plus\debug\credits.obj
e:\game dev\postal 1\gui_test-postal-934afd57b26a\build\postal plus\debug\band.obj
e:\game dev\postal 1\gui_test-postal-934afd57b26a\testing\postald.exe
e:\game dev\postal 1\gui_test-postal-934afd57b26a\build\postal plus\debug\postal plusd.pdb
e:\game dev\postal 1\gui_test-postal-934afd57b26a\build\postal plus\debug\postal.res
e:\game dev\postal 1\gui_test-postal-934afd57b26a\build\postal plus\debug\postal plus.tlog\bscmake.command.1.tlog
e:\game dev\postal 1\gui_test-postal-934afd57b26a\build\postal plus\debug\postal plus.tlog\bscmake.read.1.tlog
e:\game dev\postal 1\gui_test-postal-934afd57b26a\build\postal plus\debug\postal plus.tlog\bscmake.write.1.tlog
e:\game dev\postal 1\gui_test-postal-934afd57b26a\build\postal plus\debug\postal plus.tlog\cl.command.1.tlog
e:\game dev\postal 1\gui_test-postal-934afd57b26a\build\postal plus\debug\postal plus.tlog\cl.read.1.tlog
e:\game dev\postal 1\gui_test-postal-934afd57b26a\build\postal plus\debug\postal plus.tlog\cl.write.1.tlog
e:\game dev\postal 1\gui_test-postal-934afd57b26a\build\postal plus\debug\postal plus.tlog\link.command.1.tlog
e:\game dev\postal 1\gui_test-postal-934afd57b26a\build\postal plus\debug\postal plus.tlog\link.read.1.tlog
e:\game dev\postal 1\gui_test-postal-934afd57b26a\build\postal plus\debug\postal plus.tlog\link.write.1.tlog
e:\game dev\postal 1\gui_test-postal-934afd57b26a\build\postal plus\debug\postal plus.tlog\rc.command.1.tlog
e:\game dev\postal 1\gui_test-postal-934afd57b26a\build\postal plus\debug\postal plus.tlog\rc.read.1.tlog
e:\game dev\postal 1\gui_test-postal-934afd57b26a\build\postal plus\debug\postal plus.tlog\rc.write.1.tlog
