Build started 4/27/2017 4:34:17 AM.
     1>Project "E:\GAME DEV\Postal 1\Ezia-Cleaner_Build-934afd57b26a\Postal Plus.vcxproj" on node 2 (Build target(s)).
     1>ClCompile:
         C:\Program Files (x86)\Microsoft Visual Studio 12.0\VC\bin\CL.exe /c /I.\SDL2\include /I.\RSPiX\Src /I.\RSPiX\Src\Blue /I.\RSPiX\Inc /I.\steamworks\sdk\public /I. /ZI /nologo /W3 /WX- /Od /Oy- /D _CRT_SECURE_NO_WARNINGS /D _DEBUG /D NOSHMALLOC /D TRACENASSERT /D WIN32 /D _WINDOWS /D LOCALE=US /D TARGET=POSTAL_2015 /D WITH_STEAMWORKS=0 /D ALLOW_TWINSTICK /D DEBUG_LEVEL_CHEAT /D RSP_DEBUG_OUT_FILE /D "RSP_TRACE_LOG_NAME=\"Postal.log\"" /D _VC80_UPGRADE=0x0710 /D _USING_V110_SDK71_ /Gm- /EHsc /MTd /GS /fp:precise /Zc:wchar_t /Zc:forScope /Fo".\Build\Postal Plus\Debug/" /Fd".\Build\Postal Plus\Debug/vc120.pdb" /FR".\Build\Postal Plus\Debug\\" /Gd /TP /analyze- /errorReport:prompt play.cpp
         play.cpp
     1>e:\game dev\postal 1\ezia-cleaner_build-934afd57b26a\rspix\src\orange\quickmath\quickmath.h(190): warning C4244: '=' : conversion from 'S64' to 'S32', possible loss of data
     1>e:\game dev\postal 1\ezia-cleaner_build-934afd57b26a\rspix\src\orange\quickmath\quickmath.h(191): warning C4244: '=' : conversion from 'S64' to 'S32', possible loss of data
     1>e:\game dev\postal 1\ezia-cleaner_build-934afd57b26a\grip.h(157): warning C4244: 'argument' : conversion from 'double' to 'int16_t', possible loss of data
     1>e:\game dev\postal 1\ezia-cleaner_build-934afd57b26a\character.h(460): warning C4244: 'argument' : conversion from 'double' to 'int16_t', possible loss of data
     1>e:\game dev\postal 1\ezia-cleaner_build-934afd57b26a\play.cpp(1576): warning C4244: 'argument' : conversion from 'double' to 'int16_t', possible loss of data
     1>e:\game dev\postal 1\ezia-cleaner_build-934afd57b26a\play.cpp(2377): warning C4244: '=' : conversion from 'double' to 'int16_t', possible loss of data
     1>e:\game dev\postal 1\ezia-cleaner_build-934afd57b26a\play.cpp(2379): warning C4244: '=' : conversion from 'double' to 'int16_t', possible loss of data
     1>e:\game dev\postal 1\ezia-cleaner_build-934afd57b26a\play.cpp(2384): warning C4244: '=' : conversion from 'double' to 'int16_t', possible loss of data
     1>e:\game dev\postal 1\ezia-cleaner_build-934afd57b26a\play.cpp(2387): warning C4244: '=' : conversion from 'double' to 'int16_t', possible loss of data
     1>e:\game dev\postal 1\ezia-cleaner_build-934afd57b26a\play.cpp(2467): warning C4244: '=' : conversion from 'double' to 'int32_t', possible loss of data
     1>e:\game dev\postal 1\ezia-cleaner_build-934afd57b26a\play.cpp(2634): warning C4996: 'strdup': The POSIX name for this item is deprecated. Instead, use the ISO C++ conformant name: _strdup. See online help for details.
                 c:\program files (x86)\microsoft visual studio 12.0\vc\include\string.h(245) : see declaration of 'strdup'
     1>e:\game dev\postal 1\ezia-cleaner_build-934afd57b26a\play.cpp(2690): warning C4244: 'argument' : conversion from 'double' to 'int16_t', possible loss of data
     1>e:\game dev\postal 1\ezia-cleaner_build-934afd57b26a\play.cpp(3477): warning C4101: 'sResult' : unreferenced local variable
     1>e:\game dev\postal 1\ezia-cleaner_build-934afd57b26a\play.cpp(3622): warning C4244: 'argument' : conversion from 'double' to 'int16_t', possible loss of data
     1>e:\game dev\postal 1\ezia-cleaner_build-934afd57b26a\play.cpp(3848): warning C4244: 'argument' : conversion from 'double' to 'int16_t', possible loss of data
     1>e:\game dev\postal 1\ezia-cleaner_build-934afd57b26a\play.cpp(3964): warning C4244: 'argument' : conversion from 'double' to 'int16_t', possible loss of data
     1>e:\game dev\postal 1\ezia-cleaner_build-934afd57b26a\play.cpp(3968): warning C4244: 'argument' : conversion from 'double' to 'float', possible loss of data
     1>e:\game dev\postal 1\ezia-cleaner_build-934afd57b26a\play.cpp(4316): warning C4244: 'initializing' : conversion from 'double' to 'int16_t', possible loss of data
     1>e:\game dev\postal 1\ezia-cleaner_build-934afd57b26a\play.cpp(4317): warning C4244: 'initializing' : conversion from 'double' to 'int16_t', possible loss of data
     1>e:\game dev\postal 1\ezia-cleaner_build-934afd57b26a\play.cpp(4319): warning C4244: 'initializing' : conversion from 'double' to 'int16_t', possible loss of data
     1>e:\game dev\postal 1\ezia-cleaner_build-934afd57b26a\play.cpp(4340): warning C4244: 'argument' : conversion from 'double' to 'int16_t', possible loss of data
     1>e:\game dev\postal 1\ezia-cleaner_build-934afd57b26a\play.cpp(4426): warning C4244: 'argument' : conversion from 'double' to 'int16_t', possible loss of data
     1>e:\game dev\postal 1\ezia-cleaner_build-934afd57b26a\play.cpp(4431): warning C4244: 'argument' : conversion from 'double' to 'int16_t', possible loss of data
     1>e:\game dev\postal 1\ezia-cleaner_build-934afd57b26a\play.cpp(4504): warning C4244: 'argument' : conversion from 'double' to 'int16_t', possible loss of data
     1>e:\game dev\postal 1\ezia-cleaner_build-934afd57b26a\play.cpp(4722): warning C4800: 'int16_t' : forcing value to bool 'true' or 'false' (performance warning)
     1>e:\game dev\postal 1\ezia-cleaner_build-934afd57b26a\play.cpp(4920): warning C4800: 'int16_t' : forcing value to bool 'true' or 'false' (performance warning)
     1>e:\game dev\postal 1\ezia-cleaner_build-934afd57b26a\play.cpp(5174): warning C4244: 'argument' : conversion from 'double' to 'int16_t', possible loss of data
     1>e:\game dev\postal 1\ezia-cleaner_build-934afd57b26a\play.cpp(5268): warning C4800: 'int16_t' : forcing value to bool 'true' or 'false' (performance warning)
     1>e:\game dev\postal 1\ezia-cleaner_build-934afd57b26a\play.cpp(5282): warning C4800: 'int16_t' : forcing value to bool 'true' or 'false' (performance warning)
     1>e:\game dev\postal 1\ezia-cleaner_build-934afd57b26a\play.cpp(5515): warning C4018: '<=' : signed/unsigned mismatch
     1>e:\game dev\postal 1\ezia-cleaner_build-934afd57b26a\play.cpp(5684): warning C4018: '<' : signed/unsigned mismatch
     1>e:\game dev\postal 1\ezia-cleaner_build-934afd57b26a\play.cpp(5697): warning C4018: '<' : signed/unsigned mismatch
     1>e:\game dev\postal 1\ezia-cleaner_build-934afd57b26a\play.cpp(5711): warning C4018: '<' : signed/unsigned mismatch
     1>e:\game dev\postal 1\ezia-cleaner_build-934afd57b26a\play.cpp(5723): warning C4018: '<' : signed/unsigned mismatch
     1>C:\Program Files (x86)\MSBuild\Microsoft.Cpp\v4.0\V120\Microsoft.CppBuild.targets(1193,5): warning MSB8012: TargetPath(E:\GAME DEV\Postal 1\Ezia-Cleaner_Build-934afd57b26a\.\Build\Postal Plus\Debug\PostalD.exe) does not match the Linker's OutputFile property value (E:\GAME DEV\Postal 1\Ezia-Cleaner_Build-934afd57b26a\Testing\PostalD.exe). This may cause your project to build incorrectly. To correct this, please make sure that $(OutDir), $(TargetName) and $(TargetExt) property values match the value specified in %(Link.OutputFile).
       Link:
         C:\Program Files (x86)\Microsoft Visual Studio 12.0\VC\bin\link.exe /ERRORREPORT:PROMPT /OUT:".\Testing\PostalD.exe" /INCREMENTAL:NO /NOLOGO /LIBPATH:.\SDL2\libs\win32 /LIBPATH:.\steamworks\sdk\redistributable_bin nfd_d.lib odbc32.lib odbccp32.lib WSock32.lib WinMM.lib SDL2.lib SDL2main.lib kernel32.lib user32.lib gdi32.lib winspool.lib comdlg32.lib advapi32.lib shell32.lib ole32.lib oleaut32.lib uuid.lib odbc32.lib odbccp32.lib /NODEFAULTLIB:libcmt /NODEFAULTLIB:libcmtd /NODEFAULTLIB:libc /MANIFEST /MANIFESTUAC:"level='asInvoker' uiAccess='false'" /manifest:embed /DEBUG /PDB:".\Build\Postal Plus\Debug/Postal PlusD.pdb" /SUBSYSTEM:CONSOLE,"5.01" /TLBID:1 /DYNAMICBASE /NXCOMPAT /IMPLIB:".\Build\Postal Plus\Debug\PostalD.lib" /MACHINE:X86 /SAFESEH ".\Build\Postal Plus\Debug\Postal.res"
         ".\Build\Postal Plus\Debug/aivars.obj"
         ".\Build\Postal Plus\Debug/band.obj"
         ".\Build\Postal Plus\Debug/credits.obj"
         ".\Build\Postal Plus\Debug/game.obj"
         ".\Build\Postal Plus\Debug/input.obj"
         ".\Build\Postal Plus\Debug/localize.obj"
         ".\Build\Postal Plus\Debug/main.obj"
         ".\Build\Postal Plus\Debug/menus.obj"
         ".\Build\Postal Plus\Debug/play.obj"
         ".\Build\Postal Plus\Debug/SampleMaster.obj"
         ".\Build\Postal Plus\Debug/title.obj"
         "E:\GAME DEV\Postal 1\Ezia-Cleaner_Build-934afd57b26a\Build\Cyan\Debug\Cyan.lib"
         "E:\GAME DEV\Postal 1\Ezia-Cleaner_Build-934afd57b26a\Build\Blue\Debug\BlueD.lib"
         "E:\GAME DEV\Postal 1\Ezia-Cleaner_Build-934afd57b26a\Build\BLiT\Debug\BLiT.lib"
         "E:\GAME DEV\Postal 1\Ezia-Cleaner_Build-934afd57b26a\Build\BLiT3D\Debug\BLiT3D.lib"
         "E:\GAME DEV\Postal 1\Ezia-Cleaner_Build-934afd57b26a\Build\Green\Debug\Green.lib"
         "E:\GAME DEV\Postal 1\Ezia-Cleaner_Build-934afd57b26a\Build\Orange\Debug\Orange.lib"
         "E:\GAME DEV\Postal 1\Ezia-Cleaner_Build-934afd57b26a\Build\WishPiX\Debug\WishPiX.lib"
         "E:\GAME DEV\Postal 1\Ezia-Cleaner_Build-934afd57b26a\Build\Postal Common\Debug\Postal Common.lib"
     1>aivars.obj : warning LNK4075: ignoring '/EDITANDCONTINUE' due to '/OPT:LBR' specification
         Postal Plus.vcxproj -> E:\GAME DEV\Postal 1\Ezia-Cleaner_Build-934afd57b26a\.\Build\Postal Plus\Debug\PostalD.exe
     1>Done Building Project "E:\GAME DEV\Postal 1\Ezia-Cleaner_Build-934afd57b26a\Postal Plus.vcxproj" (Build target(s)).

Build succeeded.

Time Elapsed 00:00:04.37
