e:\game dev\postal 1\gui_test-postal-934afd57b26a\build\postal common\release\postal common.pch
e:\game dev\postal 1\gui_test-postal-934afd57b26a\build\postal common\release\vc120.pdb
e:\game dev\postal 1\gui_test-postal-934afd57b26a\build\postal common\release\alphablitforpostal.obj
e:\game dev\postal 1\gui_test-postal-934afd57b26a\build\postal common\release\hood.obj
e:\game dev\postal 1\gui_test-postal-934afd57b26a\build\postal common\release\heatseeker.obj
e:\game dev\postal 1\gui_test-postal-934afd57b26a\build\postal common\release\grenade.obj
e:\game dev\postal 1\gui_test-postal-934afd57b26a\build\postal common\release\flagbase.obj
e:\game dev\postal 1\gui_test-postal-934afd57b26a\build\postal common\release\flag.obj
e:\game dev\postal 1\gui_test-postal-934afd57b26a\build\postal common\release\firebomb.obj
e:\game dev\postal 1\gui_test-postal-934afd57b26a\build\postal common\release\fireball.obj
e:\game dev\postal 1\gui_test-postal-934afd57b26a\build\postal common\release\fire.obj
e:\game dev\postal 1\gui_test-postal-934afd57b26a\build\postal common\release\explode.obj
e:\game dev\postal 1\gui_test-postal-934afd57b26a\build\postal common\release\dude.obj
e:\game dev\postal 1\gui_test-postal-934afd57b26a\build\postal common\release\doofus.obj
e:\game dev\postal 1\gui_test-postal-934afd57b26a\build\postal common\release\dispenser.obj
e:\game dev\postal 1\gui_test-postal-934afd57b26a\build\postal common\release\demon.obj
e:\game dev\postal 1\gui_test-postal-934afd57b26a\build\postal common\release\deathwad.obj
e:\game dev\postal 1\gui_test-postal-934afd57b26a\build\postal common\release\chunk.obj
e:\game dev\postal 1\gui_test-postal-934afd57b26a\build\postal common\release\character.obj
e:\game dev\postal 1\gui_test-postal-934afd57b26a\build\postal common\release\bouy.obj
e:\game dev\postal 1\gui_test-postal-934afd57b26a\build\postal common\release\barrel.obj
e:\game dev\postal 1\gui_test-postal-934afd57b26a\build\postal common\release\ball.obj
e:\game dev\postal 1\gui_test-postal-934afd57b26a\build\postal common\release\animthing.obj
e:\game dev\postal 1\gui_test-postal-934afd57b26a\build\postal common\release\bulletfest.obj
e:\game dev\postal 1\gui_test-postal-934afd57b26a\build\postal common\release\bufq.obj
e:\game dev\postal 1\gui_test-postal-934afd57b26a\build\postal common\release\anim3d.obj
e:\game dev\postal 1\gui_test-postal-934afd57b26a\build\postal common\release\weapon.obj
e:\game dev\postal 1\gui_test-postal-934afd57b26a\build\postal common\release\warp.obj
e:\game dev\postal 1\gui_test-postal-934afd57b26a\build\postal common\release\trigger.obj
e:\game dev\postal 1\gui_test-postal-934afd57b26a\build\postal common\release\thing3d.obj
e:\game dev\postal 1\gui_test-postal-934afd57b26a\build\postal common\release\thing.obj
e:\game dev\postal 1\gui_test-postal-934afd57b26a\build\postal common\release\soundthing.obj
e:\game dev\postal 1\gui_test-postal-934afd57b26a\build\postal common\release\sndrelay.obj
e:\game dev\postal 1\gui_test-postal-934afd57b26a\build\postal common\release\sentry.obj
e:\game dev\postal 1\gui_test-postal-934afd57b26a\build\postal common\release\rocket.obj
e:\game dev\postal 1\gui_test-postal-934afd57b26a\build\postal common\release\pylon.obj
e:\game dev\postal 1\gui_test-postal-934afd57b26a\build\postal common\release\powerup.obj
e:\game dev\postal 1\gui_test-postal-934afd57b26a\build\postal common\release\person.obj
e:\game dev\postal 1\gui_test-postal-934afd57b26a\build\postal common\release\ostrich.obj
e:\game dev\postal 1\gui_test-postal-934afd57b26a\build\postal common\release\navnet.obj
e:\game dev\postal 1\gui_test-postal-934afd57b26a\build\postal common\release\napalm.obj
e:\game dev\postal 1\gui_test-postal-934afd57b26a\build\postal common\release\mine.obj
e:\game dev\postal 1\gui_test-postal-934afd57b26a\build\postal common\release\item3d.obj
e:\game dev\postal 1\gui_test-postal-934afd57b26a\build\postal common\release\netserver.obj
e:\game dev\postal 1\gui_test-postal-934afd57b26a\build\postal common\release\netmsgr.obj
e:\game dev\postal 1\gui_test-postal-934afd57b26a\build\postal common\release\netdlg.obj
e:\game dev\postal 1\gui_test-postal-934afd57b26a\build\postal common\release\netclient.obj
e:\game dev\postal 1\gui_test-postal-934afd57b26a\build\postal common\release\netbrowse.obj
e:\game dev\postal 1\gui_test-postal-934afd57b26a\build\postal common\release\net.obj
e:\game dev\postal 1\gui_test-postal-934afd57b26a\build\postal common\release\menusettings.obj
e:\game dev\postal 1\gui_test-postal-934afd57b26a\build\postal common\release\memfilefest.obj
e:\game dev\postal 1\gui_test-postal-934afd57b26a\build\postal common\release\logtab.obj
e:\game dev\postal 1\gui_test-postal-934afd57b26a\build\postal common\release\log.obj
e:\game dev\postal 1\gui_test-postal-934afd57b26a\build\postal common\release\keys.obj
e:\game dev\postal 1\gui_test-postal-934afd57b26a\build\postal common\release\inputsettingsdlg.obj
e:\game dev\postal 1\gui_test-postal-934afd57b26a\build\postal common\release\inputsettings.obj
e:\game dev\postal 1\gui_test-postal-934afd57b26a\build\postal common\release\idbank.obj
e:\game dev\postal 1\gui_test-postal-934afd57b26a\build\postal common\release\grip.obj
e:\game dev\postal 1\gui_test-postal-934afd57b26a\build\postal common\release\gamesettings.obj
e:\game dev\postal 1\gui_test-postal-934afd57b26a\build\postal common\release\encrypt.obj
e:\game dev\postal 1\gui_test-postal-934afd57b26a\build\postal common\release\cutscene.obj
e:\game dev\postal 1\gui_test-postal-934afd57b26a\build\postal common\release\crawler.obj
e:\game dev\postal 1\gui_test-postal-934afd57b26a\build\postal common\release\camera.obj
e:\game dev\postal 1\gui_test-postal-934afd57b26a\build\postal common\release\update.obj
e:\game dev\postal 1\gui_test-postal-934afd57b26a\build\postal common\release\triggerregions.obj
e:\game dev\postal 1\gui_test-postal-934afd57b26a\build\postal common\release\toolbar.obj
e:\game dev\postal 1\gui_test-postal-934afd57b26a\build\postal common\release\stockpile.obj
e:\game dev\postal 1\gui_test-postal-934afd57b26a\build\postal common\release\socket.obj
e:\game dev\postal 1\gui_test-postal-934afd57b26a\build\postal common\release\smash.obj
e:\game dev\postal 1\gui_test-postal-934afd57b26a\build\postal common\release\score.obj
e:\game dev\postal 1\gui_test-postal-934afd57b26a\build\postal common\release\scene.obj
e:\game dev\postal 1\gui_test-postal-934afd57b26a\build\postal common\release\realm.obj
e:\game dev\postal 1\gui_test-postal-934afd57b26a\build\postal common\release\protobsdip.obj
e:\game dev\postal 1\gui_test-postal-934afd57b26a\build\postal common\release\personatorium.obj
e:\game dev\postal 1\gui_test-postal-934afd57b26a\build\postal common\release\organ.obj
e:\game dev\postal 1\gui_test-postal-934afd57b26a\build\postal common\release\yatime.obj
e:\game dev\postal 1\gui_test-postal-934afd57b26a\build\postal common\release\texedit.obj
e:\game dev\postal 1\gui_test-postal-934afd57b26a\build\postal common\release\settings.obj
e:\game dev\postal 1\gui_test-postal-934afd57b26a\build\postal common\release\menutrans.obj
e:\game dev\postal 1\gui_test-postal-934afd57b26a\build\postal common\release\gameedit.obj
e:\game dev\postal 1\gui_test-postal-934afd57b26a\build\postal common\release\postal common.lib
e:\game dev\postal 1\gui_test-postal-934afd57b26a\build\postal common\release\postal.res
e:\game dev\postal 1\gui_test-postal-934afd57b26a\.\build\postal common\release\postal common.lib
e:\game dev\postal 1\gui_test-postal-934afd57b26a\build\postal common\release\postal common.tlog\cl.command.1.tlog
e:\game dev\postal 1\gui_test-postal-934afd57b26a\build\postal common\release\postal common.tlog\cl.read.1.tlog
e:\game dev\postal 1\gui_test-postal-934afd57b26a\build\postal common\release\postal common.tlog\cl.write.1.tlog
e:\game dev\postal 1\gui_test-postal-934afd57b26a\build\postal common\release\postal common.tlog\lib-link-cvtres.read.1.tlog
e:\game dev\postal 1\gui_test-postal-934afd57b26a\build\postal common\release\postal common.tlog\lib-link-cvtres.write.1.tlog
e:\game dev\postal 1\gui_test-postal-934afd57b26a\build\postal common\release\postal common.tlog\lib.command.1.tlog
e:\game dev\postal 1\gui_test-postal-934afd57b26a\build\postal common\release\postal common.tlog\rc.command.1.tlog
e:\game dev\postal 1\gui_test-postal-934afd57b26a\build\postal common\release\postal common.tlog\rc.read.1.tlog
e:\game dev\postal 1\gui_test-postal-934afd57b26a\build\postal common\release\postal common.tlog\rc.write.1.tlog
