Build started 4/24/2017 12:26:32 PM.
     1>Project "E:\GAME DEV\Postal 1\GUI_TEST-postal-934afd57b26a\Green.vcxproj" on node 5 (Rebuild target(s)).
     1>ClCompile:
         C:\Program Files (x86)\Microsoft Visual Studio 12.0\VC\bin\CL.exe /c /I.\SDL2\include /I.\RSPiX\Src /I.\RSPiX\Src\Blue /I.\RSPiX\Inc /I. /Zi /nologo /W3 /WX- /O2 /Ob2 /Oy- /D NDEBUG /D WIN32 /D _WINDOWS /D WITH_STEAMWORKS=0 /D _VC80_UPGRADE=0x0710 /GF /Gm- /EHsc /MT /GS /Gy /fp:precise /Zc:wchar_t /Zc:forScope /Fo".\Build\Green\Release/" /Fd".\Build\Green\Release/vc120.pdb" /Gd /TP /analyze- /errorReport:prompt RSPiX\Src\GREEN\Hot\hot.cpp RSPiX\Src\GREEN\Image\Image.cpp RSPiX\Src\GREEN\Image\Imagecon.cpp RSPiX\Src\GREEN\Image\ImageFile.cpp RSPiX\Src\GREEN\InputEvent\InputEvent.cpp RSPiX\Src\GREEN\Mix\mix.cpp RSPiX\Src\GREEN\Mix\MixBuf.cpp RSPiX\Src\GREEN\Image\pal.cpp RSPiX\Src\GREEN\Image\PalFile.cpp RSPiX\Src\GREEN\Sample\sample.cpp RSPiX\Src\GREEN\Snd\snd.cpp RSPiX\Src\GREEN\SndFx\SndFx.cpp RSPiX\Src\GREEN\Task\task.cpp
         hot.cpp
     1>e:\game dev\postal 1\gui_test-postal-934afd57b26a\rspix\src\blue\unix\UnixSystem.h(248): warning C4996: '_snprintf': This function or variable may be unsafe. Consider using _snprintf_s instead. To disable deprecation, use _CRT_SECURE_NO_WARNINGS. See online help for details.
                 C:\Program Files (x86)\Microsoft Visual Studio 12.0\VC\include\stdio.h(346) : see declaration of '_snprintf'
     1>e:\game dev\postal 1\gui_test-postal-934afd57b26a\rspix\src\blue\unix\UnixSystem.h(254): warning C4996: '_snprintf': This function or variable may be unsafe. Consider using _snprintf_s instead. To disable deprecation, use _CRT_SECURE_NO_WARNINGS. See online help for details.
                 C:\Program Files (x86)\Microsoft Visual Studio 12.0\VC\include\stdio.h(346) : see declaration of '_snprintf'
     1>e:\game dev\postal 1\gui_test-postal-934afd57b26a\rspix\src\blue\unix\UnixSystem.h(260): warning C4996: '_snprintf': This function or variable may be unsafe. Consider using _snprintf_s instead. To disable deprecation, use _CRT_SECURE_NO_WARNINGS. See online help for details.
                 C:\Program Files (x86)\Microsoft Visual Studio 12.0\VC\include\stdio.h(346) : see declaration of '_snprintf'
         Image.cpp
     1>e:\game dev\postal 1\gui_test-postal-934afd57b26a\rspix\src\blue\unix\UnixSystem.h(248): warning C4996: '_snprintf': This function or variable may be unsafe. Consider using _snprintf_s instead. To disable deprecation, use _CRT_SECURE_NO_WARNINGS. See online help for details.
                 C:\Program Files (x86)\Microsoft Visual Studio 12.0\VC\include\stdio.h(346) : see declaration of '_snprintf'
     1>e:\game dev\postal 1\gui_test-postal-934afd57b26a\rspix\src\blue\unix\UnixSystem.h(254): warning C4996: '_snprintf': This function or variable may be unsafe. Consider using _snprintf_s instead. To disable deprecation, use _CRT_SECURE_NO_WARNINGS. See online help for details.
                 C:\Program Files (x86)\Microsoft Visual Studio 12.0\VC\include\stdio.h(346) : see declaration of '_snprintf'
     1>e:\game dev\postal 1\gui_test-postal-934afd57b26a\rspix\src\blue\unix\UnixSystem.h(260): warning C4996: '_snprintf': This function or variable may be unsafe. Consider using _snprintf_s instead. To disable deprecation, use _CRT_SECURE_NO_WARNINGS. See online help for details.
                 C:\Program Files (x86)\Microsoft Visual Studio 12.0\VC\include\stdio.h(346) : see declaration of '_snprintf'
     1>RSPiX\Src\GREEN\Image\Image.cpp(457): warning C4244: 'argument' : conversion from 'U64' to 'size_t', possible loss of data
     1>RSPiX\Src\GREEN\Image\Image.cpp(515): warning C4244: 'argument' : conversion from 'U64' to 'size_t', possible loss of data
         Imagecon.cpp
     1>e:\game dev\postal 1\gui_test-postal-934afd57b26a\rspix\src\blue\unix\UnixSystem.h(248): warning C4996: '_snprintf': This function or variable may be unsafe. Consider using _snprintf_s instead. To disable deprecation, use _CRT_SECURE_NO_WARNINGS. See online help for details.
                 C:\Program Files (x86)\Microsoft Visual Studio 12.0\VC\include\stdio.h(346) : see declaration of '_snprintf'
     1>e:\game dev\postal 1\gui_test-postal-934afd57b26a\rspix\src\blue\unix\UnixSystem.h(254): warning C4996: '_snprintf': This function or variable may be unsafe. Consider using _snprintf_s instead. To disable deprecation, use _CRT_SECURE_NO_WARNINGS. See online help for details.
                 C:\Program Files (x86)\Microsoft Visual Studio 12.0\VC\include\stdio.h(346) : see declaration of '_snprintf'
     1>e:\game dev\postal 1\gui_test-postal-934afd57b26a\rspix\src\blue\unix\UnixSystem.h(260): warning C4996: '_snprintf': This function or variable may be unsafe. Consider using _snprintf_s instead. To disable deprecation, use _CRT_SECURE_NO_WARNINGS. See online help for details.
                 C:\Program Files (x86)\Microsoft Visual Studio 12.0\VC\include\stdio.h(346) : see declaration of '_snprintf'
         ImageFile.cpp
     1>E:\GAME DEV\Postal 1\GUI_TEST-postal-934afd57b26a\RSPiX\Src\BLUE/unix/UnixSystem.h(248): warning C4996: '_snprintf': This function or variable may be unsafe. Consider using _snprintf_s instead. To disable deprecation, use _CRT_SECURE_NO_WARNINGS. See online help for details.
                 C:\Program Files (x86)\Microsoft Visual Studio 12.0\VC\include\stdio.h(346) : see declaration of '_snprintf'
     1>E:\GAME DEV\Postal 1\GUI_TEST-postal-934afd57b26a\RSPiX\Src\BLUE/unix/UnixSystem.h(254): warning C4996: '_snprintf': This function or variable may be unsafe. Consider using _snprintf_s instead. To disable deprecation, use _CRT_SECURE_NO_WARNINGS. See online help for details.
                 C:\Program Files (x86)\Microsoft Visual Studio 12.0\VC\include\stdio.h(346) : see declaration of '_snprintf'
     1>E:\GAME DEV\Postal 1\GUI_TEST-postal-934afd57b26a\RSPiX\Src\BLUE/unix/UnixSystem.h(260): warning C4996: '_snprintf': This function or variable may be unsafe. Consider using _snprintf_s instead. To disable deprecation, use _CRT_SECURE_NO_WARNINGS. See online help for details.
                 C:\Program Files (x86)\Microsoft Visual Studio 12.0\VC\include\stdio.h(346) : see declaration of '_snprintf'
         InputEvent.cpp
     1>e:\game dev\postal 1\gui_test-postal-934afd57b26a\rspix\src\blue\unix\UnixSystem.h(248): warning C4996: '_snprintf': This function or variable may be unsafe. Consider using _snprintf_s instead. To disable deprecation, use _CRT_SECURE_NO_WARNINGS. See online help for details.
                 C:\Program Files (x86)\Microsoft Visual Studio 12.0\VC\include\stdio.h(346) : see declaration of '_snprintf'
     1>e:\game dev\postal 1\gui_test-postal-934afd57b26a\rspix\src\blue\unix\UnixSystem.h(254): warning C4996: '_snprintf': This function or variable may be unsafe. Consider using _snprintf_s instead. To disable deprecation, use _CRT_SECURE_NO_WARNINGS. See online help for details.
                 C:\Program Files (x86)\Microsoft Visual Studio 12.0\VC\include\stdio.h(346) : see declaration of '_snprintf'
     1>e:\game dev\postal 1\gui_test-postal-934afd57b26a\rspix\src\blue\unix\UnixSystem.h(260): warning C4996: '_snprintf': This function or variable may be unsafe. Consider using _snprintf_s instead. To disable deprecation, use _CRT_SECURE_NO_WARNINGS. See online help for details.
                 C:\Program Files (x86)\Microsoft Visual Studio 12.0\VC\include\stdio.h(346) : see declaration of '_snprintf'
         mix.cpp
     1>E:\GAME DEV\Postal 1\GUI_TEST-postal-934afd57b26a\RSPiX\Src\BLUE/unix/UnixSystem.h(248): warning C4996: '_snprintf': This function or variable may be unsafe. Consider using _snprintf_s instead. To disable deprecation, use _CRT_SECURE_NO_WARNINGS. See online help for details.
                 C:\Program Files (x86)\Microsoft Visual Studio 12.0\VC\include\stdio.h(346) : see declaration of '_snprintf'
     1>E:\GAME DEV\Postal 1\GUI_TEST-postal-934afd57b26a\RSPiX\Src\BLUE/unix/UnixSystem.h(254): warning C4996: '_snprintf': This function or variable may be unsafe. Consider using _snprintf_s instead. To disable deprecation, use _CRT_SECURE_NO_WARNINGS. See online help for details.
                 C:\Program Files (x86)\Microsoft Visual Studio 12.0\VC\include\stdio.h(346) : see declaration of '_snprintf'
     1>E:\GAME DEV\Postal 1\GUI_TEST-postal-934afd57b26a\RSPiX\Src\BLUE/unix/UnixSystem.h(260): warning C4996: '_snprintf': This function or variable may be unsafe. Consider using _snprintf_s instead. To disable deprecation, use _CRT_SECURE_NO_WARNINGS. See online help for details.
                 C:\Program Files (x86)\Microsoft Visual Studio 12.0\VC\include\stdio.h(346) : see declaration of '_snprintf'
         MixBuf.cpp
     1>E:\GAME DEV\Postal 1\GUI_TEST-postal-934afd57b26a\RSPiX\Src\BLUE/unix/UnixSystem.h(248): warning C4996: '_snprintf': This function or variable may be unsafe. Consider using _snprintf_s instead. To disable deprecation, use _CRT_SECURE_NO_WARNINGS. See online help for details.
                 C:\Program Files (x86)\Microsoft Visual Studio 12.0\VC\include\stdio.h(346) : see declaration of '_snprintf'
     1>E:\GAME DEV\Postal 1\GUI_TEST-postal-934afd57b26a\RSPiX\Src\BLUE/unix/UnixSystem.h(254): warning C4996: '_snprintf': This function or variable may be unsafe. Consider using _snprintf_s instead. To disable deprecation, use _CRT_SECURE_NO_WARNINGS. See online help for details.
                 C:\Program Files (x86)\Microsoft Visual Studio 12.0\VC\include\stdio.h(346) : see declaration of '_snprintf'
     1>E:\GAME DEV\Postal 1\GUI_TEST-postal-934afd57b26a\RSPiX\Src\BLUE/unix/UnixSystem.h(260): warning C4996: '_snprintf': This function or variable may be unsafe. Consider using _snprintf_s instead. To disable deprecation, use _CRT_SECURE_NO_WARNINGS. See online help for details.
                 C:\Program Files (x86)\Microsoft Visual Studio 12.0\VC\include\stdio.h(346) : see declaration of '_snprintf'
         pal.cpp
     1>E:\GAME DEV\Postal 1\GUI_TEST-postal-934afd57b26a\RSPiX\Src\BLUE/unix/UnixSystem.h(248): warning C4996: '_snprintf': This function or variable may be unsafe. Consider using _snprintf_s instead. To disable deprecation, use _CRT_SECURE_NO_WARNINGS. See online help for details.
                 C:\Program Files (x86)\Microsoft Visual Studio 12.0\VC\include\stdio.h(346) : see declaration of '_snprintf'
     1>E:\GAME DEV\Postal 1\GUI_TEST-postal-934afd57b26a\RSPiX\Src\BLUE/unix/UnixSystem.h(254): warning C4996: '_snprintf': This function or variable may be unsafe. Consider using _snprintf_s instead. To disable deprecation, use _CRT_SECURE_NO_WARNINGS. See online help for details.
                 C:\Program Files (x86)\Microsoft Visual Studio 12.0\VC\include\stdio.h(346) : see declaration of '_snprintf'
     1>E:\GAME DEV\Postal 1\GUI_TEST-postal-934afd57b26a\RSPiX\Src\BLUE/unix/UnixSystem.h(260): warning C4996: '_snprintf': This function or variable may be unsafe. Consider using _snprintf_s instead. To disable deprecation, use _CRT_SECURE_NO_WARNINGS. See online help for details.
                 C:\Program Files (x86)\Microsoft Visual Studio 12.0\VC\include\stdio.h(346) : see declaration of '_snprintf'
         PalFile.cpp
     1>E:\GAME DEV\Postal 1\GUI_TEST-postal-934afd57b26a\RSPiX\Src\BLUE/unix/UnixSystem.h(248): warning C4996: '_snprintf': This function or variable may be unsafe. Consider using _snprintf_s instead. To disable deprecation, use _CRT_SECURE_NO_WARNINGS. See online help for details.
                 C:\Program Files (x86)\Microsoft Visual Studio 12.0\VC\include\stdio.h(346) : see declaration of '_snprintf'
     1>E:\GAME DEV\Postal 1\GUI_TEST-postal-934afd57b26a\RSPiX\Src\BLUE/unix/UnixSystem.h(254): warning C4996: '_snprintf': This function or variable may be unsafe. Consider using _snprintf_s instead. To disable deprecation, use _CRT_SECURE_NO_WARNINGS. See online help for details.
                 C:\Program Files (x86)\Microsoft Visual Studio 12.0\VC\include\stdio.h(346) : see declaration of '_snprintf'
     1>E:\GAME DEV\Postal 1\GUI_TEST-postal-934afd57b26a\RSPiX\Src\BLUE/unix/UnixSystem.h(260): warning C4996: '_snprintf': This function or variable may be unsafe. Consider using _snprintf_s instead. To disable deprecation, use _CRT_SECURE_NO_WARNINGS. See online help for details.
                 C:\Program Files (x86)\Microsoft Visual Studio 12.0\VC\include\stdio.h(346) : see declaration of '_snprintf'
         sample.cpp
     1>E:\GAME DEV\Postal 1\GUI_TEST-postal-934afd57b26a\RSPiX\Src\BLUE/unix/UnixSystem.h(248): warning C4996: '_snprintf': This function or variable may be unsafe. Consider using _snprintf_s instead. To disable deprecation, use _CRT_SECURE_NO_WARNINGS. See online help for details.
                 C:\Program Files (x86)\Microsoft Visual Studio 12.0\VC\include\stdio.h(346) : see declaration of '_snprintf'
     1>E:\GAME DEV\Postal 1\GUI_TEST-postal-934afd57b26a\RSPiX\Src\BLUE/unix/UnixSystem.h(254): warning C4996: '_snprintf': This function or variable may be unsafe. Consider using _snprintf_s instead. To disable deprecation, use _CRT_SECURE_NO_WARNINGS. See online help for details.
                 C:\Program Files (x86)\Microsoft Visual Studio 12.0\VC\include\stdio.h(346) : see declaration of '_snprintf'
     1>E:\GAME DEV\Postal 1\GUI_TEST-postal-934afd57b26a\RSPiX\Src\BLUE/unix/UnixSystem.h(260): warning C4996: '_snprintf': This function or variable may be unsafe. Consider using _snprintf_s instead. To disable deprecation, use _CRT_SECURE_NO_WARNINGS. See online help for details.
                 C:\Program Files (x86)\Microsoft Visual Studio 12.0\VC\include\stdio.h(346) : see declaration of '_snprintf'
         snd.cpp
     1>E:\GAME DEV\Postal 1\GUI_TEST-postal-934afd57b26a\RSPiX\Src\BLUE/unix/UnixSystem.h(248): warning C4996: '_snprintf': This function or variable may be unsafe. Consider using _snprintf_s instead. To disable deprecation, use _CRT_SECURE_NO_WARNINGS. See online help for details.
                 C:\Program Files (x86)\Microsoft Visual Studio 12.0\VC\include\stdio.h(346) : see declaration of '_snprintf'
     1>E:\GAME DEV\Postal 1\GUI_TEST-postal-934afd57b26a\RSPiX\Src\BLUE/unix/UnixSystem.h(254): warning C4996: '_snprintf': This function or variable may be unsafe. Consider using _snprintf_s instead. To disable deprecation, use _CRT_SECURE_NO_WARNINGS. See online help for details.
                 C:\Program Files (x86)\Microsoft Visual Studio 12.0\VC\include\stdio.h(346) : see declaration of '_snprintf'
     1>E:\GAME DEV\Postal 1\GUI_TEST-postal-934afd57b26a\RSPiX\Src\BLUE/unix/UnixSystem.h(260): warning C4996: '_snprintf': This function or variable may be unsafe. Consider using _snprintf_s instead. To disable deprecation, use _CRT_SECURE_NO_WARNINGS. See online help for details.
                 C:\Program Files (x86)\Microsoft Visual Studio 12.0\VC\include\stdio.h(346) : see declaration of '_snprintf'
     1>RSPiX\Src\GREEN\Snd\snd.cpp(627): warning C4244: '=' : conversion from 'int16_t' to 'uint8_t', possible loss of data
     1>RSPiX\Src\GREEN\Snd\snd.cpp(628): warning C4244: '=' : conversion from 'int16_t' to 'uint8_t', possible loss of data
     1>RSPiX\Src\GREEN\Snd\snd.cpp(774): warning C4244: '=' : conversion from 'int16_t' to 'uint8_t', possible loss of data
     1>RSPiX\Src\GREEN\Snd\snd.cpp(775): warning C4244: '=' : conversion from 'int16_t' to 'uint8_t', possible loss of data
         SndFx.cpp
     1>e:\game dev\postal 1\gui_test-postal-934afd57b26a\rspix\src\blue\unix\UnixSystem.h(248): warning C4996: '_snprintf': This function or variable may be unsafe. Consider using _snprintf_s instead. To disable deprecation, use _CRT_SECURE_NO_WARNINGS. See online help for details.
                 C:\Program Files (x86)\Microsoft Visual Studio 12.0\VC\include\stdio.h(346) : see declaration of '_snprintf'
     1>e:\game dev\postal 1\gui_test-postal-934afd57b26a\rspix\src\blue\unix\UnixSystem.h(254): warning C4996: '_snprintf': This function or variable may be unsafe. Consider using _snprintf_s instead. To disable deprecation, use _CRT_SECURE_NO_WARNINGS. See online help for details.
                 C:\Program Files (x86)\Microsoft Visual Studio 12.0\VC\include\stdio.h(346) : see declaration of '_snprintf'
     1>e:\game dev\postal 1\gui_test-postal-934afd57b26a\rspix\src\blue\unix\UnixSystem.h(260): warning C4996: '_snprintf': This function or variable may be unsafe. Consider using _snprintf_s instead. To disable deprecation, use _CRT_SECURE_NO_WARNINGS. See online help for details.
                 C:\Program Files (x86)\Microsoft Visual Studio 12.0\VC\include\stdio.h(346) : see declaration of '_snprintf'
         task.cpp
     1>e:\game dev\postal 1\gui_test-postal-934afd57b26a\rspix\src\blue\unix\UnixSystem.h(248): warning C4996: '_snprintf': This function or variable may be unsafe. Consider using _snprintf_s instead. To disable deprecation, use _CRT_SECURE_NO_WARNINGS. See online help for details.
                 C:\Program Files (x86)\Microsoft Visual Studio 12.0\VC\include\stdio.h(346) : see declaration of '_snprintf'
     1>e:\game dev\postal 1\gui_test-postal-934afd57b26a\rspix\src\blue\unix\UnixSystem.h(254): warning C4996: '_snprintf': This function or variable may be unsafe. Consider using _snprintf_s instead. To disable deprecation, use _CRT_SECURE_NO_WARNINGS. See online help for details.
                 C:\Program Files (x86)\Microsoft Visual Studio 12.0\VC\include\stdio.h(346) : see declaration of '_snprintf'
     1>e:\game dev\postal 1\gui_test-postal-934afd57b26a\rspix\src\blue\unix\UnixSystem.h(260): warning C4996: '_snprintf': This function or variable may be unsafe. Consider using _snprintf_s instead. To disable deprecation, use _CRT_SECURE_NO_WARNINGS. See online help for details.
                 C:\Program Files (x86)\Microsoft Visual Studio 12.0\VC\include\stdio.h(346) : see declaration of '_snprintf'
         Generating Code...
       Lib:
         C:\Program Files (x86)\Microsoft Visual Studio 12.0\VC\bin\Lib.exe /OUT:".\Build\Green\Release\Green.lib" /NOLOGO .\Build\Green\Release/hot.obj
         .\Build\Green\Release/Image.obj
         .\Build\Green\Release/Imagecon.obj
         .\Build\Green\Release/ImageFile.obj
         .\Build\Green\Release/InputEvent.obj
         .\Build\Green\Release/mix.obj
         .\Build\Green\Release/MixBuf.obj
         .\Build\Green\Release/pal.obj
         .\Build\Green\Release/PalFile.obj
         .\Build\Green\Release/sample.obj
         .\Build\Green\Release/snd.obj
         .\Build\Green\Release/SndFx.obj
         .\Build\Green\Release/task.obj
         Green.vcxproj -> E:\GAME DEV\Postal 1\GUI_TEST-postal-934afd57b26a\.\Build\Green\Release\Green.lib
     1>Done Building Project "E:\GAME DEV\Postal 1\GUI_TEST-postal-934afd57b26a\Green.vcxproj" (Rebuild target(s)).

Build succeeded.

Time Elapsed 00:00:04.60
