e:\game dev\postal 1\gui_test-postal-934afd57b26a\build\green\release\vc120.pdb
e:\game dev\postal 1\gui_test-postal-934afd57b26a\build\green\release\task.obj
e:\game dev\postal 1\gui_test-postal-934afd57b26a\build\green\release\sndfx.obj
e:\game dev\postal 1\gui_test-postal-934afd57b26a\build\green\release\snd.obj
e:\game dev\postal 1\gui_test-postal-934afd57b26a\build\green\release\sample.obj
e:\game dev\postal 1\gui_test-postal-934afd57b26a\build\green\release\palfile.obj
e:\game dev\postal 1\gui_test-postal-934afd57b26a\build\green\release\pal.obj
e:\game dev\postal 1\gui_test-postal-934afd57b26a\build\green\release\mixbuf.obj
e:\game dev\postal 1\gui_test-postal-934afd57b26a\build\green\release\mix.obj
e:\game dev\postal 1\gui_test-postal-934afd57b26a\build\green\release\inputevent.obj
e:\game dev\postal 1\gui_test-postal-934afd57b26a\build\green\release\imagefile.obj
e:\game dev\postal 1\gui_test-postal-934afd57b26a\build\green\release\imagecon.obj
e:\game dev\postal 1\gui_test-postal-934afd57b26a\build\green\release\image.obj
e:\game dev\postal 1\gui_test-postal-934afd57b26a\build\green\release\hot.obj
e:\game dev\postal 1\gui_test-postal-934afd57b26a\build\green\release\green.lib
e:\game dev\postal 1\gui_test-postal-934afd57b26a\.\build\green\release\green.lib
e:\game dev\postal 1\gui_test-postal-934afd57b26a\build\green\release\green.tlog\cl.command.1.tlog
e:\game dev\postal 1\gui_test-postal-934afd57b26a\build\green\release\green.tlog\cl.read.1.tlog
e:\game dev\postal 1\gui_test-postal-934afd57b26a\build\green\release\green.tlog\cl.write.1.tlog
e:\game dev\postal 1\gui_test-postal-934afd57b26a\build\green\release\green.tlog\lib-link.read.1.tlog
e:\game dev\postal 1\gui_test-postal-934afd57b26a\build\green\release\green.tlog\lib-link.write.1.tlog
e:\game dev\postal 1\gui_test-postal-934afd57b26a\build\green\release\green.tlog\lib.command.1.tlog
