e:\game dev\postal 1\gui_test-postal-934afd57b26a\build\blit\debug\vc120.pdb
e:\game dev\postal 1\gui_test-postal-934afd57b26a\build\blit\debug\vc120.idb
e:\game dev\postal 1\gui_test-postal-934afd57b26a\build\blit\debug\scaleflat.obj
e:\game dev\postal 1\gui_test-postal-934afd57b26a\build\blit\debug\rprint.obj
e:\game dev\postal 1\gui_test-postal-934afd57b26a\build\blit\debug\rotate96.obj
e:\game dev\postal 1\gui_test-postal-934afd57b26a\build\blit\debug\mono.obj
e:\game dev\postal 1\gui_test-postal-934afd57b26a\build\blit\debug\line.obj
e:\game dev\postal 1\gui_test-postal-934afd57b26a\build\blit\debug\fspr8.obj
e:\game dev\postal 1\gui_test-postal-934afd57b26a\build\blit\debug\fspr1.obj
e:\game dev\postal 1\gui_test-postal-934afd57b26a\build\blit\debug\cfnt.obj
e:\game dev\postal 1\gui_test-postal-934afd57b26a\build\blit\debug\blitt.obj
e:\game dev\postal 1\gui_test-postal-934afd57b26a\build\blit\debug\blitinit.obj
e:\game dev\postal 1\gui_test-postal-934afd57b26a\build\blit\debug\blit.obj
e:\game dev\postal 1\gui_test-postal-934afd57b26a\build\blit\debug\alphablit.obj
e:\game dev\postal 1\gui_test-postal-934afd57b26a\build\blit\debug\blit.lib
e:\game dev\postal 1\gui_test-postal-934afd57b26a\.\build\blit\debug\blit.lib
e:\game dev\postal 1\gui_test-postal-934afd57b26a\build\blit\debug\blit.tlog\cl.command.1.tlog
e:\game dev\postal 1\gui_test-postal-934afd57b26a\build\blit\debug\blit.tlog\cl.read.1.tlog
e:\game dev\postal 1\gui_test-postal-934afd57b26a\build\blit\debug\blit.tlog\cl.write.1.tlog
e:\game dev\postal 1\gui_test-postal-934afd57b26a\build\blit\debug\blit.tlog\lib-link.read.1.tlog
e:\game dev\postal 1\gui_test-postal-934afd57b26a\build\blit\debug\blit.tlog\lib-link.write.1.tlog
e:\game dev\postal 1\gui_test-postal-934afd57b26a\build\blit\debug\blit.tlog\lib.command.1.tlog
