Build started 4/27/2017 2:26:30 AM.
     1>Project "E:\GAME DEV\Postal 1\Ezia-Cleaner_Build-934afd57b26a\BLiT.vcxproj" on node 2 (Build target(s)).
     1>ClCompile:
         C:\Program Files (x86)\Microsoft Visual Studio 12.0\VC\bin\CL.exe /c /I.\SDL2\include /I.\RSPiX\Src /I.\RSPiX\Src\Blue /I.\RSPiX\Inc /I. /ZI /nologo /W3 /WX- /Od /Oy- /D _CRT_SECURE_NO_WARNINGS /D _DEBUG /D WIN32 /D _WINDOWS /D NOSHMALLOC /D WITH_STEAMWORKS=0 /D RSP_DEBUG_OUT_FILE /D "RSP_TRACE_LOG_NAME=\"Postal Plus.log\"" /D _VC80_UPGRADE=0x0710 /D _USING_V110_SDK71_ /Gm- /EHsc /MTd /GS /fp:precise /Zc:wchar_t /Zc:forScope /Fo".\Build\BLiT\Debug/" /Fd".\Build\BLiT\Debug/vc120.pdb" /Gd /TP /analyze- /errorReport:prompt RSPiX\Src\GREEN\BLiT\BLIT.CPP RSPiX\Src\GREEN\BLiT\BLITINIT.CPP RSPiX\Src\GREEN\BLiT\BLiTT.cpp RSPiX\Src\GREEN\BLiT\CFNT.cpp RSPiX\Src\GREEN\BLiT\FSPR8.cpp RSPiX\Src\GREEN\BLiT\Fspr1.cpp RSPiX\Src\GREEN\BLiT\RPrint.cpp RSPiX\Src\GREEN\BLiT\Rotate96.cpp RSPiX\Src\GREEN\BLiT\ScaleFlat.cpp RSPiX\Src\GREEN\BLiT\alphablit.cpp RSPiX\Src\GREEN\BLiT\line.cpp RSPiX\Src\GREEN\BLiT\mono.cpp
         BLIT.CPP
     1>e:\game dev\postal 1\ezia-cleaner_build-934afd57b26a\rspix\src\orange\quickmath\quickmath.h(190): warning C4244: '=' : conversion from 'S64' to 'S32', possible loss of data
     1>e:\game dev\postal 1\ezia-cleaner_build-934afd57b26a\rspix\src\orange\quickmath\quickmath.h(191): warning C4244: '=' : conversion from 'S64' to 'S32', possible loss of data
         BLITINIT.CPP
     1>e:\game dev\postal 1\ezia-cleaner_build-934afd57b26a\rspix\src\orange\quickmath\quickmath.h(190): warning C4244: '=' : conversion from 'S64' to 'S32', possible loss of data
     1>e:\game dev\postal 1\ezia-cleaner_build-934afd57b26a\rspix\src\orange\quickmath\quickmath.h(191): warning C4244: '=' : conversion from 'S64' to 'S32', possible loss of data
         BLiTT.cpp
     1>e:\game dev\postal 1\ezia-cleaner_build-934afd57b26a\rspix\src\orange\quickmath\quickmath.h(190): warning C4244: '=' : conversion from 'S64' to 'S32', possible loss of data
     1>e:\game dev\postal 1\ezia-cleaner_build-934afd57b26a\rspix\src\orange\quickmath\quickmath.h(191): warning C4244: '=' : conversion from 'S64' to 'S32', possible loss of data
         CFNT.cpp
     1>e:\game dev\postal 1\ezia-cleaner_build-934afd57b26a\rspix\src\orange\quickmath\quickmath.h(190): warning C4244: '=' : conversion from 'S64' to 'S32', possible loss of data
     1>e:\game dev\postal 1\ezia-cleaner_build-934afd57b26a\rspix\src\orange\quickmath\quickmath.h(191): warning C4244: '=' : conversion from 'S64' to 'S32', possible loss of data
         FSPR8.cpp
     1>e:\game dev\postal 1\ezia-cleaner_build-934afd57b26a\rspix\src\orange\quickmath\quickmath.h(190): warning C4244: '=' : conversion from 'S64' to 'S32', possible loss of data
     1>e:\game dev\postal 1\ezia-cleaner_build-934afd57b26a\rspix\src\orange\quickmath\quickmath.h(191): warning C4244: '=' : conversion from 'S64' to 'S32', possible loss of data
         Fspr1.cpp
     1>e:\game dev\postal 1\ezia-cleaner_build-934afd57b26a\rspix\src\orange\quickmath\quickmath.h(190): warning C4244: '=' : conversion from 'S64' to 'S32', possible loss of data
     1>e:\game dev\postal 1\ezia-cleaner_build-934afd57b26a\rspix\src\orange\quickmath\quickmath.h(191): warning C4244: '=' : conversion from 'S64' to 'S32', possible loss of data
         RPrint.cpp
     1>e:\game dev\postal 1\ezia-cleaner_build-934afd57b26a\rspix\src\orange\quickmath\quickmath.h(190): warning C4244: '=' : conversion from 'S64' to 'S32', possible loss of data
     1>e:\game dev\postal 1\ezia-cleaner_build-934afd57b26a\rspix\src\orange\quickmath\quickmath.h(191): warning C4244: '=' : conversion from 'S64' to 'S32', possible loss of data
         Rotate96.cpp
     1>e:\game dev\postal 1\ezia-cleaner_build-934afd57b26a\rspix\src\orange\quickmath\quickmath.h(190): warning C4244: '=' : conversion from 'S64' to 'S32', possible loss of data
     1>e:\game dev\postal 1\ezia-cleaner_build-934afd57b26a\rspix\src\orange\quickmath\quickmath.h(191): warning C4244: '=' : conversion from 'S64' to 'S32', possible loss of data
     1>e:\game dev\postal 1\ezia-cleaner_build-934afd57b26a\rspix\src\green\blit\rotate96.cpp(919): warning C4244: 'initializing' : conversion from 'double' to 'int16_t', possible loss of data
     1>e:\game dev\postal 1\ezia-cleaner_build-934afd57b26a\rspix\src\green\blit\rotate96.cpp(966): warning C4244: '=' : conversion from 'double' to 'int16_t', possible loss of data
     1>e:\game dev\postal 1\ezia-cleaner_build-934afd57b26a\rspix\src\green\blit\rotate96.cpp(967): warning C4244: '=' : conversion from 'double' to 'int16_t', possible loss of data
         ScaleFlat.cpp
     1>e:\game dev\postal 1\ezia-cleaner_build-934afd57b26a\rspix\src\orange\quickmath\quickmath.h(190): warning C4244: '=' : conversion from 'S64' to 'S32', possible loss of data
     1>e:\game dev\postal 1\ezia-cleaner_build-934afd57b26a\rspix\src\orange\quickmath\quickmath.h(191): warning C4244: '=' : conversion from 'S64' to 'S32', possible loss of data
         alphablit.cpp
     1>e:\game dev\postal 1\ezia-cleaner_build-934afd57b26a\rspix\src\orange\quickmath\quickmath.h(190): warning C4244: '=' : conversion from 'S64' to 'S32', possible loss of data
     1>e:\game dev\postal 1\ezia-cleaner_build-934afd57b26a\rspix\src\orange\quickmath\quickmath.h(191): warning C4244: '=' : conversion from 'S64' to 'S32', possible loss of data
         line.cpp
     1>e:\game dev\postal 1\ezia-cleaner_build-934afd57b26a\rspix\src\orange\quickmath\quickmath.h(190): warning C4244: '=' : conversion from 'S64' to 'S32', possible loss of data
     1>e:\game dev\postal 1\ezia-cleaner_build-934afd57b26a\rspix\src\orange\quickmath\quickmath.h(191): warning C4244: '=' : conversion from 'S64' to 'S32', possible loss of data
         mono.cpp
     1>e:\game dev\postal 1\ezia-cleaner_build-934afd57b26a\rspix\src\orange\quickmath\quickmath.h(190): warning C4244: '=' : conversion from 'S64' to 'S32', possible loss of data
     1>e:\game dev\postal 1\ezia-cleaner_build-934afd57b26a\rspix\src\orange\quickmath\quickmath.h(191): warning C4244: '=' : conversion from 'S64' to 'S32', possible loss of data
         Generating Code...
       Lib:
         C:\Program Files (x86)\Microsoft Visual Studio 12.0\VC\bin\Lib.exe /OUT:".\Build\BLiT\Debug\BLiT.lib" /NOLOGO .\Build\BLiT\Debug/alphablit.obj
         .\Build\BLiT\Debug/BLIT.obj
         .\Build\BLiT\Debug/BLITINIT.obj
         .\Build\BLiT\Debug/BLiTT.obj
         .\Build\BLiT\Debug/CFNT.obj
         .\Build\BLiT\Debug/Fspr1.obj
         .\Build\BLiT\Debug/FSPR8.obj
         .\Build\BLiT\Debug/line.obj
         .\Build\BLiT\Debug/mono.obj
         .\Build\BLiT\Debug/Rotate96.obj
         .\Build\BLiT\Debug/RPrint.obj
         .\Build\BLiT\Debug/ScaleFlat.obj
         BLiT.vcxproj -> E:\GAME DEV\Postal 1\Ezia-Cleaner_Build-934afd57b26a\.\Build\BLiT\Debug\BLiT.lib
     1>Done Building Project "E:\GAME DEV\Postal 1\Ezia-Cleaner_Build-934afd57b26a\BLiT.vcxproj" (Build target(s)).

Build succeeded.

Time Elapsed 00:00:08.38
