e:\game dev\postal 1\gui_test-postal-934afd57b26a\build\orange\release\vc120.pdb
e:\game dev\postal 1\gui_test-postal-934afd57b26a\build\orange\release\mtask.obj
e:\game dev\postal 1\gui_test-postal-934afd57b26a\build\orange\release\laymage.obj
e:\game dev\postal 1\gui_test-postal-934afd57b26a\build\orange\release\iff.obj
e:\game dev\postal 1\gui_test-postal-934afd57b26a\build\orange\release\fixedpoint.obj
e:\game dev\postal 1\gui_test-postal-934afd57b26a\build\orange\release\file.obj
e:\game dev\postal 1\gui_test-postal-934afd57b26a\build\orange\release\dithermatch.obj
e:\game dev\postal 1\gui_test-postal-934afd57b26a\build\orange\release\dirtrect.obj
e:\game dev\postal 1\gui_test-postal-934afd57b26a\build\orange\release\channel.obj
e:\game dev\postal 1\gui_test-postal-934afd57b26a\build\orange\release\attribute.obj
e:\game dev\postal 1\gui_test-postal-934afd57b26a\build\orange\release\animsprt.obj
e:\game dev\postal 1\gui_test-postal-934afd57b26a\build\orange\release\sprite.obj
e:\game dev\postal 1\gui_test-postal-934afd57b26a\build\orange\release\simplebatch.obj
e:\game dev\postal 1\gui_test-postal-934afd57b26a\build\orange\release\shapes.obj
e:\game dev\postal 1\gui_test-postal-934afd57b26a\build\orange\release\rstring.obj
e:\game dev\postal 1\gui_test-postal-934afd57b26a\build\orange\release\region.obj
e:\game dev\postal 1\gui_test-postal-934afd57b26a\build\orange\release\quickmath.obj
e:\game dev\postal 1\gui_test-postal-934afd57b26a\build\orange\release\profile.obj
e:\game dev\postal 1\gui_test-postal-934afd57b26a\build\orange\release\multigrid.obj
e:\game dev\postal 1\gui_test-postal-934afd57b26a\build\orange\release\processgui.obj
e:\game dev\postal 1\gui_test-postal-934afd57b26a\build\orange\release\multigridindirect.obj
e:\game dev\postal 1\gui_test-postal-934afd57b26a\build\orange\release\multibtn.obj
e:\game dev\postal 1\gui_test-postal-934afd57b26a\build\orange\release\msgbox.obj
e:\game dev\postal 1\gui_test-postal-934afd57b26a\build\orange\release\meter.obj
e:\game dev\postal 1\gui_test-postal-934afd57b26a\build\orange\release\listcontents.obj
e:\game dev\postal 1\gui_test-postal-934afd57b26a\build\orange\release\listbox.obj
e:\game dev\postal 1\gui_test-postal-934afd57b26a\build\orange\release\lasso.obj
e:\game dev\postal 1\gui_test-postal-934afd57b26a\build\orange\release\guiitem.obj
e:\game dev\postal 1\gui_test-postal-934afd57b26a\build\orange\release\edit.obj
e:\game dev\postal 1\gui_test-postal-934afd57b26a\build\orange\release\dlg.obj
e:\game dev\postal 1\gui_test-postal-934afd57b26a\build\orange\release\colormatch.obj
e:\game dev\postal 1\gui_test-postal-934afd57b26a\build\orange\release\btn.obj
e:\game dev\postal 1\gui_test-postal-934afd57b26a\build\orange\release\txt.obj
e:\game dev\postal 1\gui_test-postal-934afd57b26a\build\orange\release\scrollbar.obj
e:\game dev\postal 1\gui_test-postal-934afd57b26a\build\orange\release\pushbtn.obj
e:\game dev\postal 1\gui_test-postal-934afd57b26a\build\orange\release\str.obj
e:\game dev\postal 1\gui_test-postal-934afd57b26a\build\orange\release\str.asm
e:\game dev\postal 1\gui_test-postal-934afd57b26a\build\orange\release\orange.lib
e:\game dev\postal 1\gui_test-postal-934afd57b26a\.\build\orange\release\orange.lib
e:\game dev\postal 1\gui_test-postal-934afd57b26a\build\orange\release\orange.tlog\cl.command.1.tlog
e:\game dev\postal 1\gui_test-postal-934afd57b26a\build\orange\release\orange.tlog\cl.read.1.tlog
e:\game dev\postal 1\gui_test-postal-934afd57b26a\build\orange\release\orange.tlog\cl.read.2.tlog
e:\game dev\postal 1\gui_test-postal-934afd57b26a\build\orange\release\orange.tlog\cl.read.3.tlog
e:\game dev\postal 1\gui_test-postal-934afd57b26a\build\orange\release\orange.tlog\cl.write.1.tlog
e:\game dev\postal 1\gui_test-postal-934afd57b26a\build\orange\release\orange.tlog\lib-link.read.1.tlog
e:\game dev\postal 1\gui_test-postal-934afd57b26a\build\orange\release\orange.tlog\lib-link.write.1.tlog
e:\game dev\postal 1\gui_test-postal-934afd57b26a\build\orange\release\orange.tlog\lib.command.1.tlog
