e:\game dev\postal 1\gui_test-postal-934afd57b26a\build\blit\release\vc120.pdb
e:\game dev\postal 1\gui_test-postal-934afd57b26a\build\blit\release\scaleflat.obj
e:\game dev\postal 1\gui_test-postal-934afd57b26a\build\blit\release\rprint.obj
e:\game dev\postal 1\gui_test-postal-934afd57b26a\build\blit\release\rotate96.obj
e:\game dev\postal 1\gui_test-postal-934afd57b26a\build\blit\release\mono.obj
e:\game dev\postal 1\gui_test-postal-934afd57b26a\build\blit\release\line.obj
e:\game dev\postal 1\gui_test-postal-934afd57b26a\build\blit\release\fspr8.obj
e:\game dev\postal 1\gui_test-postal-934afd57b26a\build\blit\release\fspr1.obj
e:\game dev\postal 1\gui_test-postal-934afd57b26a\build\blit\release\cfnt.obj
e:\game dev\postal 1\gui_test-postal-934afd57b26a\build\blit\release\blitt.obj
e:\game dev\postal 1\gui_test-postal-934afd57b26a\build\blit\release\blitinit.obj
e:\game dev\postal 1\gui_test-postal-934afd57b26a\build\blit\release\blit.obj
e:\game dev\postal 1\gui_test-postal-934afd57b26a\build\blit\release\alphablit.obj
e:\game dev\postal 1\ezia-cleaner_build-934afd57b26a\build\blit\release\vc120.pdb
e:\game dev\postal 1\ezia-cleaner_build-934afd57b26a\build\blit\release\scaleflat.obj
e:\game dev\postal 1\ezia-cleaner_build-934afd57b26a\build\blit\release\rprint.obj
e:\game dev\postal 1\ezia-cleaner_build-934afd57b26a\build\blit\release\rotate96.obj
e:\game dev\postal 1\ezia-cleaner_build-934afd57b26a\build\blit\release\mono.obj
e:\game dev\postal 1\ezia-cleaner_build-934afd57b26a\build\blit\release\line.obj
e:\game dev\postal 1\ezia-cleaner_build-934afd57b26a\build\blit\release\fspr8.obj
e:\game dev\postal 1\ezia-cleaner_build-934afd57b26a\build\blit\release\fspr1.obj
e:\game dev\postal 1\ezia-cleaner_build-934afd57b26a\build\blit\release\cfnt.obj
e:\game dev\postal 1\ezia-cleaner_build-934afd57b26a\build\blit\release\blitt.obj
e:\game dev\postal 1\ezia-cleaner_build-934afd57b26a\build\blit\release\blitinit.obj
e:\game dev\postal 1\ezia-cleaner_build-934afd57b26a\build\blit\release\blit.obj
e:\game dev\postal 1\ezia-cleaner_build-934afd57b26a\build\blit\release\alphablit.obj
e:\game dev\postal 1\gui_test-postal-934afd57b26a\build\blit\release\blit.lib
e:\game dev\postal 1\ezia-cleaner_build-934afd57b26a\build\blit\release\blit.lib
e:\game dev\postal 1\ezia-cleaner_build-934afd57b26a\.\build\blit\release\blit.lib
e:\game dev\postal 1\ezia-cleaner_build-934afd57b26a\build\blit\release\blit.tlog\cl.command.1.tlog
e:\game dev\postal 1\ezia-cleaner_build-934afd57b26a\build\blit\release\blit.tlog\cl.read.1.tlog
e:\game dev\postal 1\ezia-cleaner_build-934afd57b26a\build\blit\release\blit.tlog\cl.write.1.tlog
e:\game dev\postal 1\ezia-cleaner_build-934afd57b26a\build\blit\release\blit.tlog\lib-link.read.1.tlog
e:\game dev\postal 1\ezia-cleaner_build-934afd57b26a\build\blit\release\blit.tlog\lib-link.write.1.tlog
e:\game dev\postal 1\ezia-cleaner_build-934afd57b26a\build\blit\release\blit.tlog\lib.command.1.tlog
