e:\game dev\postal 1\gui_test-postal-934afd57b26a\build\postal common\debug\postal common.bsc
e:\game dev\postal 1\gui_test-postal-934afd57b26a\build\postal common\debug\gameedit.sbr
e:\game dev\postal 1\gui_test-postal-934afd57b26a\build\postal common\debug\menutrans.sbr
e:\game dev\postal 1\gui_test-postal-934afd57b26a\build\postal common\debug\settings.sbr
e:\game dev\postal 1\gui_test-postal-934afd57b26a\build\postal common\debug\yatime.sbr
e:\game dev\postal 1\gui_test-postal-934afd57b26a\build\postal common\debug\yatime.obj
e:\game dev\postal 1\gui_test-postal-934afd57b26a\build\postal common\debug\settings.obj
e:\game dev\postal 1\gui_test-postal-934afd57b26a\build\postal common\debug\menutrans.obj
e:\game dev\postal 1\gui_test-postal-934afd57b26a\build\postal common\debug\gameedit.obj
e:\game dev\postal 1\gui_test-postal-934afd57b26a\build\postal common\debug\postal common.pch
e:\game dev\postal 1\gui_test-postal-934afd57b26a\build\postal common\debug\alphablitforpostal.sbr
e:\game dev\postal 1\gui_test-postal-934afd57b26a\build\postal common\debug\alphablitforpostal.obj
e:\game dev\postal 1\gui_test-postal-934afd57b26a\build\postal common\debug\anim3d.sbr
e:\game dev\postal 1\gui_test-postal-934afd57b26a\build\postal common\debug\animthing.sbr
e:\game dev\postal 1\gui_test-postal-934afd57b26a\build\postal common\debug\bufq.sbr
e:\game dev\postal 1\gui_test-postal-934afd57b26a\build\postal common\debug\gamesettings.sbr
e:\game dev\postal 1\gui_test-postal-934afd57b26a\build\postal common\debug\idbank.sbr
e:\game dev\postal 1\gui_test-postal-934afd57b26a\build\postal common\debug\inputsettings.sbr
e:\game dev\postal 1\gui_test-postal-934afd57b26a\build\postal common\debug\inputsettingsdlg.sbr
e:\game dev\postal 1\gui_test-postal-934afd57b26a\build\postal common\debug\log.sbr
e:\game dev\postal 1\gui_test-postal-934afd57b26a\build\postal common\debug\memfilefest.sbr
e:\game dev\postal 1\gui_test-postal-934afd57b26a\build\postal common\debug\menusettings.sbr
e:\game dev\postal 1\gui_test-postal-934afd57b26a\build\postal common\debug\netbrowse.sbr
e:\game dev\postal 1\gui_test-postal-934afd57b26a\build\postal common\debug\netclient.sbr
e:\game dev\postal 1\gui_test-postal-934afd57b26a\build\postal common\debug\netdlg.sbr
e:\game dev\postal 1\gui_test-postal-934afd57b26a\build\postal common\debug\netserver.sbr
e:\game dev\postal 1\gui_test-postal-934afd57b26a\build\postal common\debug\personatorium.sbr
e:\game dev\postal 1\gui_test-postal-934afd57b26a\build\postal common\debug\powerup.sbr
e:\game dev\postal 1\gui_test-postal-934afd57b26a\build\postal common\debug\protobsdip.sbr
e:\game dev\postal 1\gui_test-postal-934afd57b26a\build\postal common\debug\sndrelay.sbr
e:\game dev\postal 1\gui_test-postal-934afd57b26a\build\postal common\debug\soundthing.sbr
e:\game dev\postal 1\gui_test-postal-934afd57b26a\build\postal common\debug\stockpile.sbr
e:\game dev\postal 1\gui_test-postal-934afd57b26a\build\postal common\debug\stockpile.obj
e:\game dev\postal 1\gui_test-postal-934afd57b26a\build\postal common\debug\soundthing.obj
e:\game dev\postal 1\gui_test-postal-934afd57b26a\build\postal common\debug\sndrelay.obj
e:\game dev\postal 1\gui_test-postal-934afd57b26a\build\postal common\debug\protobsdip.obj
e:\game dev\postal 1\gui_test-postal-934afd57b26a\build\postal common\debug\powerup.obj
e:\game dev\postal 1\gui_test-postal-934afd57b26a\build\postal common\debug\personatorium.obj
e:\game dev\postal 1\gui_test-postal-934afd57b26a\build\postal common\debug\netserver.obj
e:\game dev\postal 1\gui_test-postal-934afd57b26a\build\postal common\debug\netdlg.obj
e:\game dev\postal 1\gui_test-postal-934afd57b26a\build\postal common\debug\netclient.obj
e:\game dev\postal 1\gui_test-postal-934afd57b26a\build\postal common\debug\netbrowse.obj
e:\game dev\postal 1\gui_test-postal-934afd57b26a\build\postal common\debug\menusettings.obj
e:\game dev\postal 1\gui_test-postal-934afd57b26a\build\postal common\debug\memfilefest.obj
e:\game dev\postal 1\gui_test-postal-934afd57b26a\build\postal common\debug\log.obj
e:\game dev\postal 1\gui_test-postal-934afd57b26a\build\postal common\debug\inputsettingsdlg.obj
e:\game dev\postal 1\gui_test-postal-934afd57b26a\build\postal common\debug\inputsettings.obj
e:\game dev\postal 1\gui_test-postal-934afd57b26a\build\postal common\debug\idbank.obj
e:\game dev\postal 1\gui_test-postal-934afd57b26a\build\postal common\debug\gamesettings.obj
e:\game dev\postal 1\gui_test-postal-934afd57b26a\build\postal common\debug\bufq.obj
e:\game dev\postal 1\gui_test-postal-934afd57b26a\build\postal common\debug\animthing.obj
e:\game dev\postal 1\gui_test-postal-934afd57b26a\build\postal common\debug\anim3d.obj
e:\game dev\postal 1\gui_test-postal-934afd57b26a\build\postal common\debug\texedit.sbr
e:\game dev\postal 1\gui_test-postal-934afd57b26a\build\postal common\debug\thing3d.sbr
e:\game dev\postal 1\gui_test-postal-934afd57b26a\build\postal common\debug\triggerregions.sbr
e:\game dev\postal 1\gui_test-postal-934afd57b26a\build\postal common\debug\ball.sbr
e:\game dev\postal 1\gui_test-postal-934afd57b26a\build\postal common\debug\barrel.sbr
e:\game dev\postal 1\gui_test-postal-934afd57b26a\build\postal common\debug\bouy.sbr
e:\game dev\postal 1\gui_test-postal-934afd57b26a\build\postal common\debug\bulletfest.sbr
e:\game dev\postal 1\gui_test-postal-934afd57b26a\build\postal common\debug\camera.sbr
e:\game dev\postal 1\gui_test-postal-934afd57b26a\build\postal common\debug\character.sbr
e:\game dev\postal 1\gui_test-postal-934afd57b26a\build\postal common\debug\chunk.sbr
e:\game dev\postal 1\gui_test-postal-934afd57b26a\build\postal common\debug\crawler.sbr
e:\game dev\postal 1\gui_test-postal-934afd57b26a\build\postal common\debug\cutscene.sbr
e:\game dev\postal 1\gui_test-postal-934afd57b26a\build\postal common\debug\deathwad.sbr
e:\game dev\postal 1\gui_test-postal-934afd57b26a\build\postal common\debug\demon.sbr
e:\game dev\postal 1\gui_test-postal-934afd57b26a\build\postal common\debug\dispenser.sbr
e:\game dev\postal 1\gui_test-postal-934afd57b26a\build\postal common\debug\doofus.sbr
e:\game dev\postal 1\gui_test-postal-934afd57b26a\build\postal common\debug\dude.sbr
e:\game dev\postal 1\gui_test-postal-934afd57b26a\build\postal common\debug\encrypt.sbr
e:\game dev\postal 1\gui_test-postal-934afd57b26a\build\postal common\debug\explode.sbr
e:\game dev\postal 1\gui_test-postal-934afd57b26a\build\postal common\debug\fire.sbr
e:\game dev\postal 1\gui_test-postal-934afd57b26a\build\postal common\debug\fire.obj
e:\game dev\postal 1\gui_test-postal-934afd57b26a\build\postal common\debug\explode.obj
e:\game dev\postal 1\gui_test-postal-934afd57b26a\build\postal common\debug\encrypt.obj
e:\game dev\postal 1\gui_test-postal-934afd57b26a\build\postal common\debug\dude.obj
e:\game dev\postal 1\gui_test-postal-934afd57b26a\build\postal common\debug\doofus.obj
e:\game dev\postal 1\gui_test-postal-934afd57b26a\build\postal common\debug\dispenser.obj
e:\game dev\postal 1\gui_test-postal-934afd57b26a\build\postal common\debug\demon.obj
e:\game dev\postal 1\gui_test-postal-934afd57b26a\build\postal common\debug\deathwad.obj
e:\game dev\postal 1\gui_test-postal-934afd57b26a\build\postal common\debug\cutscene.obj
e:\game dev\postal 1\gui_test-postal-934afd57b26a\build\postal common\debug\crawler.obj
e:\game dev\postal 1\gui_test-postal-934afd57b26a\build\postal common\debug\chunk.obj
e:\game dev\postal 1\gui_test-postal-934afd57b26a\build\postal common\debug\character.obj
e:\game dev\postal 1\gui_test-postal-934afd57b26a\build\postal common\debug\camera.obj
e:\game dev\postal 1\gui_test-postal-934afd57b26a\build\postal common\debug\bulletfest.obj
e:\game dev\postal 1\gui_test-postal-934afd57b26a\build\postal common\debug\bouy.obj
e:\game dev\postal 1\gui_test-postal-934afd57b26a\build\postal common\debug\barrel.obj
e:\game dev\postal 1\gui_test-postal-934afd57b26a\build\postal common\debug\ball.obj
e:\game dev\postal 1\gui_test-postal-934afd57b26a\build\postal common\debug\triggerregions.obj
e:\game dev\postal 1\gui_test-postal-934afd57b26a\build\postal common\debug\thing3d.obj
e:\game dev\postal 1\gui_test-postal-934afd57b26a\build\postal common\debug\texedit.obj
e:\game dev\postal 1\gui_test-postal-934afd57b26a\build\postal common\debug\fireball.sbr
e:\game dev\postal 1\gui_test-postal-934afd57b26a\build\postal common\debug\firebomb.sbr
e:\game dev\postal 1\gui_test-postal-934afd57b26a\build\postal common\debug\flag.sbr
e:\game dev\postal 1\gui_test-postal-934afd57b26a\build\postal common\debug\flagbase.sbr
e:\game dev\postal 1\gui_test-postal-934afd57b26a\build\postal common\debug\grenade.sbr
e:\game dev\postal 1\gui_test-postal-934afd57b26a\build\postal common\debug\grip.sbr
e:\game dev\postal 1\gui_test-postal-934afd57b26a\build\postal common\debug\heatseeker.sbr
e:\game dev\postal 1\gui_test-postal-934afd57b26a\build\postal common\debug\hood.sbr
e:\game dev\postal 1\gui_test-postal-934afd57b26a\build\postal common\debug\item3d.sbr
e:\game dev\postal 1\gui_test-postal-934afd57b26a\build\postal common\debug\keys.sbr
e:\game dev\postal 1\gui_test-postal-934afd57b26a\build\postal common\debug\logtab.sbr
e:\game dev\postal 1\gui_test-postal-934afd57b26a\build\postal common\debug\mine.sbr
e:\game dev\postal 1\gui_test-postal-934afd57b26a\build\postal common\debug\napalm.sbr
e:\game dev\postal 1\gui_test-postal-934afd57b26a\build\postal common\debug\navnet.sbr
e:\game dev\postal 1\gui_test-postal-934afd57b26a\build\postal common\debug\net.sbr
e:\game dev\postal 1\gui_test-postal-934afd57b26a\build\postal common\debug\netmsgr.sbr
e:\game dev\postal 1\gui_test-postal-934afd57b26a\build\postal common\debug\organ.sbr
e:\game dev\postal 1\gui_test-postal-934afd57b26a\build\postal common\debug\ostrich.sbr
e:\game dev\postal 1\gui_test-postal-934afd57b26a\build\postal common\debug\person.sbr
e:\game dev\postal 1\gui_test-postal-934afd57b26a\build\postal common\debug\pylon.sbr
e:\game dev\postal 1\gui_test-postal-934afd57b26a\build\postal common\debug\pylon.obj
e:\game dev\postal 1\gui_test-postal-934afd57b26a\build\postal common\debug\person.obj
e:\game dev\postal 1\gui_test-postal-934afd57b26a\build\postal common\debug\ostrich.obj
e:\game dev\postal 1\gui_test-postal-934afd57b26a\build\postal common\debug\organ.obj
e:\game dev\postal 1\gui_test-postal-934afd57b26a\build\postal common\debug\netmsgr.obj
e:\game dev\postal 1\gui_test-postal-934afd57b26a\build\postal common\debug\net.obj
e:\game dev\postal 1\gui_test-postal-934afd57b26a\build\postal common\debug\navnet.obj
e:\game dev\postal 1\gui_test-postal-934afd57b26a\build\postal common\debug\napalm.obj
e:\game dev\postal 1\gui_test-postal-934afd57b26a\build\postal common\debug\mine.obj
e:\game dev\postal 1\gui_test-postal-934afd57b26a\build\postal common\debug\logtab.obj
e:\game dev\postal 1\gui_test-postal-934afd57b26a\build\postal common\debug\keys.obj
e:\game dev\postal 1\gui_test-postal-934afd57b26a\build\postal common\debug\item3d.obj
e:\game dev\postal 1\gui_test-postal-934afd57b26a\build\postal common\debug\hood.obj
e:\game dev\postal 1\gui_test-postal-934afd57b26a\build\postal common\debug\heatseeker.obj
e:\game dev\postal 1\gui_test-postal-934afd57b26a\build\postal common\debug\grip.obj
e:\game dev\postal 1\gui_test-postal-934afd57b26a\build\postal common\debug\grenade.obj
e:\game dev\postal 1\gui_test-postal-934afd57b26a\build\postal common\debug\flagbase.obj
e:\game dev\postal 1\gui_test-postal-934afd57b26a\build\postal common\debug\flag.obj
e:\game dev\postal 1\gui_test-postal-934afd57b26a\build\postal common\debug\firebomb.obj
e:\game dev\postal 1\gui_test-postal-934afd57b26a\build\postal common\debug\fireball.obj
e:\game dev\postal 1\gui_test-postal-934afd57b26a\build\postal common\debug\realm.sbr
e:\game dev\postal 1\gui_test-postal-934afd57b26a\build\postal common\debug\rocket.sbr
e:\game dev\postal 1\gui_test-postal-934afd57b26a\build\postal common\debug\scene.sbr
e:\game dev\postal 1\gui_test-postal-934afd57b26a\build\postal common\debug\score.sbr
e:\game dev\postal 1\gui_test-postal-934afd57b26a\build\postal common\debug\sentry.sbr
e:\game dev\postal 1\gui_test-postal-934afd57b26a\build\postal common\debug\smash.sbr
e:\game dev\postal 1\gui_test-postal-934afd57b26a\build\postal common\debug\socket.sbr
e:\game dev\postal 1\gui_test-postal-934afd57b26a\build\postal common\debug\thing.sbr
e:\game dev\postal 1\gui_test-postal-934afd57b26a\build\postal common\debug\toolbar.sbr
e:\game dev\postal 1\gui_test-postal-934afd57b26a\build\postal common\debug\trigger.sbr
e:\game dev\postal 1\gui_test-postal-934afd57b26a\build\postal common\debug\update.sbr
e:\game dev\postal 1\gui_test-postal-934afd57b26a\build\postal common\debug\warp.sbr
e:\game dev\postal 1\gui_test-postal-934afd57b26a\build\postal common\debug\weapon.sbr
e:\game dev\postal 1\gui_test-postal-934afd57b26a\build\postal common\debug\weapon.obj
e:\game dev\postal 1\gui_test-postal-934afd57b26a\build\postal common\debug\warp.obj
e:\game dev\postal 1\gui_test-postal-934afd57b26a\build\postal common\debug\update.obj
e:\game dev\postal 1\gui_test-postal-934afd57b26a\build\postal common\debug\trigger.obj
e:\game dev\postal 1\gui_test-postal-934afd57b26a\build\postal common\debug\toolbar.obj
e:\game dev\postal 1\gui_test-postal-934afd57b26a\build\postal common\debug\thing.obj
e:\game dev\postal 1\gui_test-postal-934afd57b26a\build\postal common\debug\socket.obj
e:\game dev\postal 1\gui_test-postal-934afd57b26a\build\postal common\debug\smash.obj
e:\game dev\postal 1\gui_test-postal-934afd57b26a\build\postal common\debug\sentry.obj
e:\game dev\postal 1\gui_test-postal-934afd57b26a\build\postal common\debug\score.obj
e:\game dev\postal 1\gui_test-postal-934afd57b26a\build\postal common\debug\scene.obj
e:\game dev\postal 1\gui_test-postal-934afd57b26a\build\postal common\debug\rocket.obj
e:\game dev\postal 1\gui_test-postal-934afd57b26a\build\postal common\debug\realm.obj
e:\game dev\postal 1\gui_test-postal-934afd57b26a\build\postal common\debug\postal common.lib
e:\game dev\postal 1\gui_test-postal-934afd57b26a\build\postal common\debug\postal.res
e:\game dev\postal 1\gui_test-postal-934afd57b26a\.\build\postal common\debug\postal common.lib
e:\game dev\postal 1\gui_test-postal-934afd57b26a\build\postal common\debug\postal common.tlog\bscmake.command.1.tlog
e:\game dev\postal 1\gui_test-postal-934afd57b26a\build\postal common\debug\postal common.tlog\bscmake.read.1.tlog
e:\game dev\postal 1\gui_test-postal-934afd57b26a\build\postal common\debug\postal common.tlog\bscmake.write.1.tlog
e:\game dev\postal 1\gui_test-postal-934afd57b26a\build\postal common\debug\postal common.tlog\cl.command.1.tlog
e:\game dev\postal 1\gui_test-postal-934afd57b26a\build\postal common\debug\postal common.tlog\cl.read.1.tlog
e:\game dev\postal 1\gui_test-postal-934afd57b26a\build\postal common\debug\postal common.tlog\cl.write.1.tlog
e:\game dev\postal 1\gui_test-postal-934afd57b26a\build\postal common\debug\postal common.tlog\lib-link-cvtres.read.1.tlog
e:\game dev\postal 1\gui_test-postal-934afd57b26a\build\postal common\debug\postal common.tlog\lib-link-cvtres.write.1.tlog
e:\game dev\postal 1\gui_test-postal-934afd57b26a\build\postal common\debug\postal common.tlog\lib.command.1.tlog
e:\game dev\postal 1\gui_test-postal-934afd57b26a\build\postal common\debug\postal common.tlog\rc.command.1.tlog
e:\game dev\postal 1\gui_test-postal-934afd57b26a\build\postal common\debug\postal common.tlog\rc.read.1.tlog
e:\game dev\postal 1\gui_test-postal-934afd57b26a\build\postal common\debug\postal common.tlog\rc.write.1.tlog
