e:\game dev\postal 1\gui_test-postal-934afd57b26a\build\orange\debug\vc120.pdb
e:\game dev\postal 1\gui_test-postal-934afd57b26a\build\orange\debug\vc120.idb
e:\game dev\postal 1\gui_test-postal-934afd57b26a\build\orange\debug\mtask.obj
e:\game dev\postal 1\gui_test-postal-934afd57b26a\build\orange\debug\msgbox.obj
e:\game dev\postal 1\gui_test-postal-934afd57b26a\build\orange\debug\meter.obj
e:\game dev\postal 1\gui_test-postal-934afd57b26a\build\orange\debug\listcontents.obj
e:\game dev\postal 1\gui_test-postal-934afd57b26a\build\orange\debug\listbox.obj
e:\game dev\postal 1\gui_test-postal-934afd57b26a\build\orange\debug\laymage.obj
e:\game dev\postal 1\gui_test-postal-934afd57b26a\build\orange\debug\lasso.obj
e:\game dev\postal 1\gui_test-postal-934afd57b26a\build\orange\debug\iff.obj
e:\game dev\postal 1\gui_test-postal-934afd57b26a\build\orange\debug\guiitem.obj
e:\game dev\postal 1\gui_test-postal-934afd57b26a\build\orange\debug\fixedpoint.obj
e:\game dev\postal 1\gui_test-postal-934afd57b26a\build\orange\debug\file.obj
e:\game dev\postal 1\gui_test-postal-934afd57b26a\build\orange\debug\edit.obj
e:\game dev\postal 1\gui_test-postal-934afd57b26a\build\orange\debug\dlg.obj
e:\game dev\postal 1\gui_test-postal-934afd57b26a\build\orange\debug\dithermatch.obj
e:\game dev\postal 1\gui_test-postal-934afd57b26a\build\orange\debug\dirtrect.obj
e:\game dev\postal 1\gui_test-postal-934afd57b26a\build\orange\debug\colormatch.obj
e:\game dev\postal 1\gui_test-postal-934afd57b26a\build\orange\debug\channel.obj
e:\game dev\postal 1\gui_test-postal-934afd57b26a\build\orange\debug\btn.obj
e:\game dev\postal 1\gui_test-postal-934afd57b26a\build\orange\debug\attribute.obj
e:\game dev\postal 1\gui_test-postal-934afd57b26a\build\orange\debug\animsprt.obj
e:\game dev\postal 1\gui_test-postal-934afd57b26a\build\orange\debug\txt.obj
e:\game dev\postal 1\gui_test-postal-934afd57b26a\build\orange\debug\str.obj
e:\game dev\postal 1\gui_test-postal-934afd57b26a\build\orange\debug\sprite.obj
e:\game dev\postal 1\gui_test-postal-934afd57b26a\build\orange\debug\simplebatch.obj
e:\game dev\postal 1\gui_test-postal-934afd57b26a\build\orange\debug\shapes.obj
e:\game dev\postal 1\gui_test-postal-934afd57b26a\build\orange\debug\scrollbar.obj
e:\game dev\postal 1\gui_test-postal-934afd57b26a\build\orange\debug\rstring.obj
e:\game dev\postal 1\gui_test-postal-934afd57b26a\build\orange\debug\region.obj
e:\game dev\postal 1\gui_test-postal-934afd57b26a\build\orange\debug\quickmath.obj
e:\game dev\postal 1\gui_test-postal-934afd57b26a\build\orange\debug\pushbtn.obj
e:\game dev\postal 1\gui_test-postal-934afd57b26a\build\orange\debug\profile.obj
e:\game dev\postal 1\gui_test-postal-934afd57b26a\build\orange\debug\multigridindirect.obj
e:\game dev\postal 1\gui_test-postal-934afd57b26a\build\orange\debug\multigrid.obj
e:\game dev\postal 1\gui_test-postal-934afd57b26a\build\orange\debug\multibtn.obj
e:\game dev\postal 1\gui_test-postal-934afd57b26a\build\orange\debug\processgui.obj
e:\game dev\postal 1\gui_test-postal-934afd57b26a\build\orange\debug\orange.lib
e:\game dev\postal 1\gui_test-postal-934afd57b26a\.\build\orange\debug\orange.lib
e:\game dev\postal 1\gui_test-postal-934afd57b26a\build\orange\debug\orange.tlog\cl.command.1.tlog
e:\game dev\postal 1\gui_test-postal-934afd57b26a\build\orange\debug\orange.tlog\cl.read.1.tlog
e:\game dev\postal 1\gui_test-postal-934afd57b26a\build\orange\debug\orange.tlog\cl.write.1.tlog
e:\game dev\postal 1\gui_test-postal-934afd57b26a\build\orange\debug\orange.tlog\lib-link.read.1.tlog
e:\game dev\postal 1\gui_test-postal-934afd57b26a\build\orange\debug\orange.tlog\lib-link.write.1.tlog
e:\game dev\postal 1\gui_test-postal-934afd57b26a\build\orange\debug\orange.tlog\lib.command.1.tlog
