e:\game dev\postal 1\gui_test-postal-934afd57b26a\build\green\debug\vc120.pdb
e:\game dev\postal 1\gui_test-postal-934afd57b26a\build\green\debug\vc120.idb
e:\game dev\postal 1\gui_test-postal-934afd57b26a\build\green\debug\task.obj
e:\game dev\postal 1\gui_test-postal-934afd57b26a\build\green\debug\sndfx.obj
e:\game dev\postal 1\gui_test-postal-934afd57b26a\build\green\debug\snd.obj
e:\game dev\postal 1\gui_test-postal-934afd57b26a\build\green\debug\sample.obj
e:\game dev\postal 1\gui_test-postal-934afd57b26a\build\green\debug\palfile.obj
e:\game dev\postal 1\gui_test-postal-934afd57b26a\build\green\debug\pal.obj
e:\game dev\postal 1\gui_test-postal-934afd57b26a\build\green\debug\mixbuf.obj
e:\game dev\postal 1\gui_test-postal-934afd57b26a\build\green\debug\mix.obj
e:\game dev\postal 1\gui_test-postal-934afd57b26a\build\green\debug\inputevent.obj
e:\game dev\postal 1\gui_test-postal-934afd57b26a\build\green\debug\imagefile.obj
e:\game dev\postal 1\gui_test-postal-934afd57b26a\build\green\debug\imagecon.obj
e:\game dev\postal 1\gui_test-postal-934afd57b26a\build\green\debug\image.obj
e:\game dev\postal 1\gui_test-postal-934afd57b26a\build\green\debug\hot.obj
e:\game dev\postal 1\gui_test-postal-934afd57b26a\build\green\debug\green.lib
e:\game dev\postal 1\gui_test-postal-934afd57b26a\.\build\green\debug\green.lib
e:\game dev\postal 1\gui_test-postal-934afd57b26a\build\green\debug\green.tlog\cl.command.1.tlog
e:\game dev\postal 1\gui_test-postal-934afd57b26a\build\green\debug\green.tlog\cl.read.1.tlog
e:\game dev\postal 1\gui_test-postal-934afd57b26a\build\green\debug\green.tlog\cl.write.1.tlog
e:\game dev\postal 1\gui_test-postal-934afd57b26a\build\green\debug\green.tlog\lib-link.read.1.tlog
e:\game dev\postal 1\gui_test-postal-934afd57b26a\build\green\debug\green.tlog\lib-link.write.1.tlog
e:\game dev\postal 1\gui_test-postal-934afd57b26a\build\green\debug\green.tlog\lib.command.1.tlog
